"../../../Engine/Content/Functions/Engine_MaterialFunctions02/Utility/BlendAngleCorrectedNormals.uasset" 0
"../../../Engine/Content/Functions/MaterialLayerFunctions/MatLayerBlend_NormalBlend.uasset" 1
"../../../Engine/Content/Functions/MaterialLayerFunctions/MatLayerBlend_Simple.uasset" 2
"../../../PatchTest/Content/Mannequin/Character/Materials/MaterialLayers/T_ML_Rubber_Blue_01_D.uasset" 3
"../../../PatchTest/Content/Mannequin/Character/Materials/MaterialLayers/T_ML_Rubber_Blue_01_N.uasset" 4
"../../../PatchTest/Content/Mannequin/Character/Materials/MaterialLayers/ML_GlossyBlack_Latex_UE4.uasset" 5
"../../../PatchTest/Content/Mannequin/Character/Materials/MaterialLayers/ML_Plastic_Shiny_Beige.uasset" 6
"../../../PatchTest/Content/Mannequin/Character/Textures/UE4_LOGO_CARD.uasset" 7
"../../../PatchTest/Content/Mannequin/Character/Materials/MaterialLayers/ML_Plastic_Shiny_Beige_LOGO.uasset" 8
"../../../PatchTest/Content/Mannequin/Character/Materials/MaterialLayers/T_ML_Aluminum01.uasset" 9
"../../../PatchTest/Content/Mannequin/Character/Materials/MaterialLayers/T_ML_Aluminum01_N.uasset" 10
"../../../PatchTest/Content/Mannequin/Character/Materials/MaterialLayers/ML_SoftMetal_UE4.uasset" 11
"../../../PatchTest/Content/Mannequin/Character/Textures/T_UE4_Mannequin_Mobile_M.uasset" 12
"../../../PatchTest/Content/Mannequin/Character/Textures/T_UE4_Mannequin_Mobile_N.uasset" 13
"../../../PatchTest/Content/Mannequin/Character/Materials/M_UE4Man_Body.uasset" 14
"../../../PatchTest/Content/Mannequin/Character/Textures/UE4Man_Logo_N.uasset" 15
"../../../PatchTest/Content/Mannequin/Character/Materials/M_UE4Man_ChestLogo.uasset" 16
"../../../PatchTest/Content/Mannequin/Character/Mesh/SK_Mannequin.uasset" 17
"../../../PatchTest/Content/Mannequin/Character/Mesh/SK_Mannequin_Skeleton.uasset" 18
"../../../PatchTest/Content/Mannequin/Animations/ThirdPersonJump_End.uasset" 19
"../../../PatchTest/Content/Mannequin/Animations/ThirdPersonJump_Loop.uasset" 20
"../../../PatchTest/Content/Mannequin/Animations/ThirdPersonJump_Start.uasset" 21
"../../../PatchTest/Content/Mannequin/Animations/ThirdPersonIdle.uasset" 22
"../../../PatchTest/Content/Mannequin/Animations/ThirdPersonRun.uasset" 23
"../../../PatchTest/Content/Mannequin/Animations/ThirdPersonWalk.uasset" 24
"../../../PatchTest/Content/Mannequin/Animations/ThirdPerson_IdleRun_2D.uasset" 25
"../../../Engine/Content/EditorBlueprintResources/StandardMacros.uasset" 26
"../../../PatchTest/Content/Mannequin/Animations/ThirdPerson_AnimBP.uasset" 27
"../../../PatchTest/Content/TopDownCPP/Blueprints/TopDownCharacter.uasset" 28
"../../../Engine/Content/EngineSky/C_Sky_Cloud_Color.uasset" 29
"../../../Engine/Content/EngineSky/C_Sky_Horizon_Color.uasset" 30
"../../../Engine/Content/EngineSky/C_Sky_Zenith_Color.uasset" 31
"../../../Engine/Content/EngineSky/T_Sky_Blue.uasset" 32
"../../../Engine/Content/EngineSky/T_Sky_Clouds_M.uasset" 33
"../../../Engine/Content/EngineSky/T_Sky_Stars.uasset" 34
"../../../Engine/Content/EngineSky/SM_SkySphere.uasset" 35
"../../../Engine/Content/EngineSky/M_Sky_Panning_Clouds2.uasset" 36
"../../../Engine/Content/EngineSky/BP_Sky_Sphere.uasset" 37
"../../../PatchTest/Content/Geometry/Meshes/CubeMaterial.uasset" 38
"../../../PatchTest/Content/Geometry/Meshes/1M_Cube_Chamfer.uasset" 39
"../../../PatchTest/Content/Blueprints/CubeBP.uasset" 40
"../../../Engine/Content/EngineFonts/RobotoDistanceField.uasset" 41
"../../../Engine/Content/Functions/Engine_MaterialFunctions03/Procedurals/ComputeFilterWidth.uasset" 42
"../../../Engine/Content/EngineMaterials/AntiAliasedTextMaterialTranslucent.uasset" 43
"../../../Engine/Content/Functions/Engine_MaterialFunctions01/Opacity/CameraDepthFade.uasset" 44
"../../../Engine/Content/EngineMaterials/T_Default_Material_Grid_M.uasset" 45
"../../../Engine/Content/EngineMaterials/T_Default_Material_Grid_N.uasset" 46
"../../../Engine/Content/EngineMaterials/WorldGridMaterial.uasset" 47
"../../../PatchTest/Content/Geometry/Meshes/1M_Cube.uasset" 48
"../../../PatchTest/Content/TopDownCPP/Maps/TopDownExampleMap.umap" 49
"../../../Engine/Content/EngineMaterials/DefaultMaterial.uasset" 50
"../../../Engine/Content/EngineMaterials/DefaultDiffuse.uasset" 51
"../../../Engine/Content/EngineMaterials/DefaultNormal.uasset" 52
"../../../Engine/Content/Maps/Entry.umap" 53
"../../../Engine/Content/EngineFonts/Roboto.uasset" 54
"../../../Engine/Content/Functions/Engine_MaterialFunctions01/Shading/PowerToRoughness.uasset" 55
"../../../Engine/Content/Functions/Engine_MaterialFunctions01/Shading/ConvertFromDiffSpec.uasset" 56
"../../../Engine/Content/EngineMaterials/DefaultDeferredDecalMaterial.uasset" 57
"../../../Engine/Content/EngineMaterials/DefaultLightFunctionMaterial.uasset" 58
"../../../Engine/Content/Functions/Engine_MaterialFunctions02/Utility/BreakOutFloat2Components.uasset" 59
"../../../Engine/Content/EngineMaterials/DefaultPostProcessMaterial.uasset" 60
"../../../Engine/Content/EngineResources/DefaultTexture.uasset" 61
"../../../Engine/Content/Functions/Engine_MaterialFunctions02/Texturing/ScreenAlignedUVs.uasset" 62
"../../../Engine/Content/EngineResources/WhiteSquareTexture.uasset" 63
"../../../Engine/Content/EngineMaterials/Widget3DPassThrough.uasset" 64
"../../../Engine/Content/EngineMaterials/Widget3DPassThrough_Translucent.uasset" 65
"../../../Engine/Content/EngineMaterials/Widget3DPassThrough_Translucent_OneSided.uasset" 66
"../../../Engine/Content/EngineMaterials/Widget3DPassThrough_Opaque.uasset" 67
"../../../Engine/Content/EngineMaterials/Widget3DPassThrough_Opaque_OneSided.uasset" 68
"../../../Engine/Content/EngineMaterials/Widget3DPassThrough_Masked.uasset" 69
"../../../Engine/Content/EngineMaterials/Widget3DPassThrough_Masked_OneSided.uasset" 70
"../../../Engine/Content/EditorResources/S_Actor.uasset" 71
"../../../Engine/Content/Maps/Templates/Thumbnails/Default.uasset" 72
"../../../Engine/Content/EditorMaterials/ParticleSystems/PSysThumbnail_NoImage.uasset" 73
"../../../Engine/Content/EditorMaterials/ParticleSystems/PSysThumbnail_OOD.uasset" 74
"../../../Engine/Content/EditorLandscapeResources/DataLayer.uasset" 75
"../../../Engine/Content/EngineDamageTypes/DmgTypeBP_Environmental.uasset" 76
"../../../Engine/Content/EngineMeshes/Sphere.uasset" 77
"../../../Engine/Content/EngineMaterials/DefaultTextMaterialOpaque.uasset" 78
"../../../Engine/Content/EditorResources/S_Trigger.uasset" 79
"../../../Engine/Content/EngineResources/GradientTexture0.uasset" 80
"../../../Engine/Content/EngineResources/Black.uasset" 81
"../../../Engine/Content/EditorMaterials/MatineeGroups/MAT_Groups_Float.uasset" 82
"../../../Engine/Content/EditorMaterials/MatineeGroups/MAT_Groups_Director.uasset" 83
"../../../Engine/Content/EditorMaterials/MatineeGroups/MAT_Groups_Event.uasset" 84
"../../../Engine/Content/EditorMaterials/MatineeGroups/MAT_Groups_Anim.uasset" 85
"../../../Engine/Content/EditorMaterials/MatineeGroups/MAT_Groups_Fade.uasset" 86
"../../../Engine/Content/EditorMaterials/MatineeGroups/MAT_Groups_Move.uasset" 87
"../../../Engine/Content/EditorMaterials/MatineeGroups/MAT_Groups_Slomo.uasset" 88
"../../../Engine/Content/EditorMaterials/MatineeGroups/MAT_ColorTrack.uasset" 89
"../../../Engine/Content/EditorMaterials/MAT_Groups_Toggle.uasset" 90
"../../../Engine/Content/EditorMaterials/MatineeGroups/MAT_Groups_AudioMaster.uasset" 91
"../../../Engine/Content/EditorMaterials/MatineeGroups/MAT_Groups_Sound.uasset" 92
"../../../Engine/Content/EditorMaterials/MatineeGroups/MAT_Groups_Vector.uasset" 93
"../../../Engine/Content/EditorMaterials/MAT_Groups_Visibility.uasset" 94
"../../../Engine/Content/EngineResources/DefaultTextureCube.uasset" 95
"../../../Engine/Content/EngineMeshes/Cylinder.uasset" 96
"../../../Engine/Content/EngineTireTypes/DefaultTireType.uasset" 97
"../../../Engine/Content/EngineResources/AICON-Red.uasset" 98
"../../../Engine/Content/EngineResources/AICON-Green.uasset" 99
"../../../Engine/Content/Tutorial/Basics/LevelEditorAttract.uasset" 100
"../../../Engine/Content/Tutorial/ContentIntroCurve.uasset" 101
"../../../Engine/Plugins/2D/Paper2D/Content/PlaceholderTextures/DummySpriteTexture.uasset" 102
"../../../Engine/Plugins/2D/Paper2D/Content/DefaultSpriteMaterial.uasset" 103
"../../../Engine/Plugins/2D/Paper2D/Content/MaskedUnlitSpriteMaterial.uasset" 104
"../../../Engine/Plugins/2D/Paper2D/Content/OpaqueUnlitSpriteMaterial.uasset" 105
"../../../Engine/Plugins/2D/Paper2D/Content/DummySpriteTexture.uasset" 106
"../../../Engine/Plugins/2D/Paper2D/Content/DummySprite.uasset" 107
"../../../Engine/Plugins/2D/Paper2D/Content/DefaultPaperTerrainMaterial.uasset" 108
"../../../Engine/Plugins/Runtime/LeapMotionController/Content/LM_CapsuleMesh.uasset" 109
"../../../Engine/Plugins/Runtime/LeapMotionController/Content/LM_TorusMesh.uasset" 110
"../../../Engine/Plugins/Runtime/LeapMotionController/Content/LM_HandColor.uasset" 111
"../../../Engine/Plugins/Runtime/LeapMotionController/Content/LM_SampleDistortion.uasset" 112
"../../../Engine/Plugins/Runtime/LeapMotionController/Content/LM_TestTexture.uasset" 113
"../../../Engine/Plugins/Runtime/LeapMotionController/Content/LM_PassthroughMaterial.uasset" 114
"../../../Engine/Content/BasicShapes/Cube.uasset" 115
"../../../Engine/Content/EngineMaterials/RemoveSurfaceMaterial.uasset" 116
"../../../Engine/Content/EngineDebugMaterials/DebugMeshMaterial.uasset" 117
"../../../Engine/Content/EngineMaterials/InvalidLightmapSettings.uasset" 118
"../../../Engine/Content/EngineMaterials/M_InvalidLightmapSettings.uasset" 119
"../../../Engine/Content/EditorMaterials/GizmoMaterial.uasset" 120
"../../../Engine/Content/EngineMaterials/Good64x64TilingNoiseHighFreq.uasset" 121
"../../../Engine/Content/EngineMaterials/DefaultBokeh.uasset" 122
"../../../Engine/Content/EngineMaterials/PreintegratedSkinBRDF.uasset" 123
"../../../Engine/Content/EngineMaterials/MiniFont.uasset" 124
"../../../Engine/Content/EngineMaterials/WeightMapPlaceholderTexture.uasset" 125
"../../../Engine/Content/EngineMaterials/DefaultWhiteGrid.uasset" 126
"../../../Engine/Content/EngineMaterials/DefaultPhysicalMaterial.uasset" 127
"../../../Engine/Content/EngineFonts/RobotoTiny.uasset" 128
"../../../PatchTest/Content/TopDownCPP/TopDownOverview.uasset" 129
"../../../Engine/Content/MobileResources/HUD/MobileHUDButton1_on.uasset" 130
"../../../PatchTest/Content/Mannequin/Character/Mesh/SK_Mannequin_PhysicsAsset.uasset" 131
"../../../Engine/Content/MobileResources/HUD/MobileHUDButton2_on.uasset" 132
"../../../Engine/Content/MobileResources/HUD/MobileHUDButton2_off.uasset" 133
"../../../Engine/Content/MobileResources/HUD/MobileHUDDirectionPad3.uasset" 134
"../../../Engine/Content/MobileResources/T_MobileMenu2.uasset" 135
"../../../Engine/Content/MobileResources/HUD/VirtualJoystick_Background.uasset" 136
"../../../Engine/Content/MobileResources/HUD/VirtualJoystick_Thumb.uasset" 137
"../../../Engine/Content/MobileResources/HUD/DefaultVirtualJoysticks.uasset" 138
"../../../Engine/Content/MobileResources/HUD/LeftVirtualJoystickOnly.uasset" 139
"../../../Engine/Content/MobileResources/HUD/MobileHUDDirectionStick.uasset" 140
"../../../Engine/Content/MobileResources/HUD/MobileHUDDirectionPad2.uasset" 141
"../../../Engine/Content/MobileResources/HUD/T_Castle_ThumbstickInner.uasset" 142
"../../../PatchTest/Content/Mannequin/Animations/ThirdPerson_Jump.uasset" 143
"../../../Engine/Content/MobileResources/HUD/MobileHUDDirectionPad.uasset" 144
"../../../Engine/Content/MobileResources/HUD/AnalogHat.uasset" 145
"../../../Engine/Content/MobileResources/HUD/MobileHUDButton3.uasset" 146
"../../../PatchTest/Content/Geometry/Meshes/TemplateFloor.uasset" 147
"../../../Engine/Content/MobileResources/HUD/T_Castle_ThumbstickOutter.uasset" 148
"../../../Engine/Content/EditorResources/EmptyActor.uasset" 149
"../../../Engine/Content/MobileResources/T_MobileControls_texture.uasset" 150
"../../../Engine/Content/MobileResources/HUD/MobileHUDButtonFire.uasset" 151
"../../../Engine/Content/MobileResources/HUD/MobileHUDButton1_off.uasset" 152
"../../../Engine/Content/EditorMaterials/PhAT_JointLimitMaterial.uasset" 153
"../../../Engine/Content/EditorMaterials/PreviewShadowIndicator.uasset" 154
"../../../Engine/Content/EditorMaterials/PreviewShadowIndicatorMaterial.uasset" 155
"../../../Engine/Content/EditorResources/BSPVertex.uasset" 156
"../../../Engine/Content/EngineDebugMaterials/HeatmapGradient.uasset" 157
"../../../Engine/Content/EngineDebugMaterials/BoneWeightMaterial.uasset" 158
"../../../Engine/Content/EngineDebugMaterials/GeomMaterial.uasset" 159
"../../../Engine/Content/EngineMaterials/EditorBrushMaterial.uasset" 160
"../../../Engine/Content/Tutorial/Basics/TutorialAssets/icon_tab_Levels_40x.uasset" 161
"../../../Engine/Content/Tutorial/Basics/LevelEditorOverview.uasset" 162
"../../../Engine/Content/Tutorial/BlueprintTutorials/TutorialAssets/Blueprint_64x.uasset" 163
"../../../Engine/Content/Tutorial/BlueprintTutorials/BlueprintEditorTutorial.uasset" 164
"../../../Engine/Content/Tutorial/BlueprintTutorials/TutorialAssets/BlueprintInterface_64x.uasset" 165
"../../../Engine/Content/Tutorial/BlueprintTutorials/TutorialAssets/Tutorial_BP_Interface.uasset" 166
"../../../Engine/Content/Tutorial/BlueprintTutorials/BlueprintInterfacesEditorOverview.uasset" 167
"../../../Engine/Content/Tutorial/BlueprintTutorials/TutorialAssets/BlueprintMacroLibrary_64x.uasset" 168
"../../../Engine/Content/Tutorial/BlueprintTutorials/TutorialAssets/Tutorial_BP_MacroLib.uasset" 169
"../../../Engine/Content/Tutorial/BlueprintTutorials/BlueprintMacroLibrariesEditorOverview.uasset" 170
"../../../Engine/Content/Tutorial/BlueprintTutorials/LevelBlueprintEditorOverview.uasset" 171
"../../../Engine/Content/Tutorial/Foliage/TutorialAssets/Foliage.uasset" 172
"../../../Engine/Content/Tutorial/Foliage/Foliage_Settings_Tutorial.uasset" 173
"../../../Engine/Content/Tutorial/Foliage/Foliage_Using_The_Tool_Tutorial.uasset" 174
"../../../Engine/Content/Tutorial/Foliage/Foliage_Intro_Tutorial.uasset" 175
"../../../Engine/Content/Tutorial/Landscape/TutorialAssets/Landscape.uasset" 176
"../../../Engine/Content/Tutorial/Landscape/Landscape_Painting_Mode.uasset" 177
"../../../Engine/Content/Tutorial/Landscape/Landscape_Sculpt_Mode.uasset" 178
"../../../Engine/Content/Tutorial/Landscape/Landscape_Manage_Mode.uasset" 179
"../../../Engine/Content/Tutorial/Paper2D/TutorialAssets/Paper2DFlipbook_TutorialIcon.uasset" 180
"../../../Engine/Content/Tutorial/Paper2D/FlipbookEditorTutorial.uasset" 181
"../../../Engine/Content/Tutorial/Paper2D/TutorialAssets/Paper2DSprite_TutorialIcon.uasset" 182
"../../../Engine/Content/Tutorial/Paper2D/SpriteEditorTutorial.uasset" 183
"../../../Engine/Content/EditorMeshes/EditorCube.uasset" 184
"../../../Engine/Content/Tutorial/SubEditors/TutorialAssets/Tutorial_DM.uasset" 185
"../../../Engine/Content/Tutorial/SubEditors/DestructibleMeshEditorTutorial.uasset" 186
"../../../Engine/Content/Tutorial/SubEditors/TutorialAssets/TutorialMaterial.uasset" 187
"../../../Engine/Content/Tutorial/SubEditors/MaterialEditorTutorial.uasset" 188
"../../../Engine/Content/Tutorial/SubEditors/TutorialAssets/T_SmokeSubUV_8X8.uasset" 189
"../../../Engine/Content/Tutorial/SubEditors/TutorialAssets/T_soft_smoke.uasset" 190
"../../../Engine/Content/Tutorial/SubEditors/TutorialAssets/M_smoke_subUV_blackbody.uasset" 191
"../../../Engine/Content/Tutorial/SubEditors/TutorialAssets/TutorialParticleSystem.uasset" 192
"../../../Engine/Content/Tutorial/SubEditors/ParticleSystemEditorTutorial.uasset" 193
"../../../Engine/Content/Tutorial/SubEditors/TutorialAssets/icon_ShowSkeletalMeshes_40x.uasset" 194
"../../../Engine/Content/Tutorial/SubEditors/TutorialAssets/Character/TutorialTPP_Mat.uasset" 195
"../../../Engine/Content/Tutorial/SubEditors/TutorialAssets/Character/TutorialTPP_PhysicsAsset.uasset" 196
"../../../Engine/Content/Tutorial/SubEditors/TutorialAssets/Character/TutorialTPP.uasset" 197
"../../../Engine/Content/Tutorial/SubEditors/TutorialAssets/Character/TutorialTPP_Skeleton.uasset" 198
"../../../Engine/Content/Tutorial/SubEditors/TutorialAssets/Character/Tutorial_Idle.uasset" 199
"../../../Engine/Content/Tutorial/SubEditors/TutorialAssets/Character/Tutorial_Walk_Fwd.uasset" 200
"../../../Engine/Content/Tutorial/SubEditors/TutorialAssets/Character/NewBlendSpace1D.uasset" 201
"../../../Engine/Content/Tutorial/SubEditors/TutorialAssets/Character/TutorialCharacter.uasset" 202
"../../../Engine/Content/Tutorial/SubEditors/TutorialAssets/Character/TutorialTPP_AnimBlueprint.uasset" 203
"../../../Engine/Content/Tutorial/SubEditors/PersonaAnimBlueprintEditorWalkthrough.uasset" 204
"../../../Engine/Content/Tutorial/SubEditors/PersonaAnimEditorWalkthrough.uasset" 205
"../../../Engine/Content/EngineMeshes/Cube.uasset" 206
"../../../Engine/Content/Tutorial/SubEditors/StaticMeshEditorTutorial.uasset" 207
"../../../Engine/Content/Tutorial/SubEditors/TutorialAssets/icon_Editor_Preferences_General_40x.uasset" 208
"../../../PatchTest/Content/Mannequin/Character/Mesh/SK_Mannequin_Mobile.uasset" 209
"../../../PatchTest/Content/Mannequin/Character/Mesh/SK_Mannequin_Mobile_PhysicsAsset.uasset" 210
"../../../PatchTest/Content/Mannequin/Character/Mesh/SK_Mannequin_Mobile_Skeleton.uasset" 211
