"C:/Work/UE4PatchTest/PatchTest/PatchTest.uproject" 1
"../../../Engine/Plugins/2D/Paper2D/Paper2D.uplugin" 2
"../../../Engine/Plugins/Blendables/LightPropagationVolume/LightPropagationVolume.uplugin" 3
"../../../Engine/Plugins/Developer/BlankPlugin/BlankPlugin.uplugin" 4
"../../../Engine/Plugins/Developer/CodeLiteSourceCodeAccess/CodeLiteSourceCodeAccess.uplugin" 5
"../../../Engine/Plugins/Developer/GitSourceControl/GitSourceControl.uplugin" 6
"../../../Engine/Plugins/Developer/KDevelopSourceCodeAccess/KDevelopSourceCodeAccess.uplugin" 7
"../../../Engine/Plugins/Developer/NullSourceCodeAccess/NullSourceCodeAccess.uplugin" 8
"../../../Engine/Plugins/Developer/OneSkyLocalizationService/OneSkyLocalizationService.uplugin" 9
"../../../Engine/Plugins/Developer/PerforceSourceControl/PerforceSourceControl.uplugin" 10
"../../../Engine/Plugins/Developer/SubversionSourceControl/SubversionSourceControl.uplugin" 11
"../../../Engine/Plugins/Developer/UObjectPlugin/UObjectPlugin.uplugin" 12
"../../../Engine/Plugins/Developer/VisualStudioSourceCodeAccess/VisualStudioSourceCodeAccess.uplugin" 13
"../../../Engine/Plugins/Developer/XCodeSourceCodeAccess/XCodeSourceCodeAccess.uplugin" 14
"../../../Engine/Plugins/Editor/EpicSurvey/EpicSurvey.uplugin" 15
"../../../Engine/Plugins/Editor/MacGraphicsSwitching/MacGraphicsSwitching.uplugin" 16
"../../../Engine/Plugins/Editor/PluginBrowser/PluginBrowser.uplugin" 17
"../../../Engine/Plugins/Editor/SpeedTreeImporter/SpeedTreeImporter.uplugin" 18
"../../../Engine/Plugins/Experimental/BlueprintStats/BlueprintStats.uplugin" 19
"../../../Engine/Plugins/Experimental/CharacterAI/CharacterAI.uplugin" 20
"../../../Engine/Plugins/Experimental/CodeEditor/CodeEditor.uplugin" 21
"../../../Engine/Plugins/Experimental/CodeView/CodeView.uplugin" 22
"../../../Engine/Plugins/Experimental/HTML5Networking/HTML5Networking.uplugin" 23
"../../../Engine/Plugins/Experimental/LiveEditor/LiveEditor.uplugin" 24
"../../../Engine/Plugins/Experimental/Phya/Phya.uplugin" 25
"../../../Engine/Plugins/Experimental/SimpleHMD/SimpleHMD.uplugin" 26
"../../../Engine/Plugins/Experimental/StructBox/StructBox.uplugin" 27
"../../../Engine/Plugins/Media/AndroidMedia/AndroidMedia.uplugin" 28
"../../../Engine/Plugins/Media/AvfMedia/AvfMedia.uplugin" 29
"../../../Engine/Plugins/Media/MediaPlayerEditor/MediaPlayerEditor.uplugin" 30
"../../../Engine/Plugins/Media/WmfMedia/WmfMedia.uplugin" 31
"../../../Engine/Plugins/Messaging/MessagingDebugger/MessagingDebugger.uplugin" 32
"../../../Engine/Plugins/Messaging/UdpMessaging/UdpMessaging.uplugin" 33
"../../../Engine/Plugins/MovieScene/LevelSequenceEditor/LevelSequenceEditor.uplugin" 34
"../../../Engine/Plugins/NetcodeUnitTest/NetcodeUnitTest/NetcodeUnitTest.uplugin" 35
"../../../Engine/Plugins/NetcodeUnitTest/NUTUnrealEngine4/NUTUnrealEngine4.uplugin" 36
"../../../Engine/Plugins/Runtime/Advertising/IOSTapJoy/IOSTapJoy.uplugin" 37
"../../../Engine/Plugins/Runtime/Analytics/AnalyticsBlueprintLibrary/AnalyticsBlueprintLibrary.uplugin" 38
"../../../Engine/Plugins/Runtime/Analytics/AnalyticsMulticast/AnalyticsMulticast.uplugin" 39
"../../../Engine/Plugins/Runtime/Analytics/Apsalar/IOSApsalar/IOSApsalar.uplugin" 40
"../../../Engine/Plugins/Runtime/Analytics/FileLogging/FileLogging.uplugin" 41
"../../../Engine/Plugins/Runtime/Analytics/Flurry/IOSFlurry/IOSFlurry.uplugin" 42
"../../../Engine/Plugins/Runtime/AndroidDeviceProfileSelector/AndroidDeviceProfileSelector.uplugin" 43
"../../../Engine/Plugins/Runtime/AndroidMoviePlayer/AndroidMoviePlayer.uplugin" 44
"../../../Engine/Plugins/Runtime/AppleMoviePlayer/AppleMoviePlayer.uplugin" 45
"../../../Engine/Plugins/Runtime/ArchVisCharacter/ArchVisCharacter.uplugin" 46
"../../../Engine/Plugins/Runtime/CableComponent/CableComponent.uplugin" 47
"../../../Engine/Plugins/Runtime/CustomMeshComponent/CustomMeshComponent.uplugin" 48
"../../../Engine/Plugins/Runtime/ExampleDeviceProfileSelector/ExampleDeviceProfileSelector.uplugin" 49
"../../../Engine/Plugins/Runtime/GearVR/GearVR.uplugin" 50
"../../../Engine/Plugins/Runtime/IOSDeviceProfileSelector/IOSDeviceProfileSelector.uplugin" 51
"../../../Engine/Plugins/Runtime/LeapMotionController/LeapMotionController.uplugin" 52
"../../../Engine/Plugins/Runtime/LinuxDeviceProfileSelector/LinuxDeviceProfileSelector.uplugin" 53
"../../../Engine/Plugins/Runtime/LiveEditorListenServer/LiveEditorListenServer.uplugin" 54
"../../../Engine/Plugins/Runtime/OculusAudio/OculusAudio.uplugin" 55
"../../../Engine/Plugins/Runtime/OculusInput/OculusInput.uplugin" 56
"../../../Engine/Plugins/Runtime/OculusLibrary/OculusLibrary.uplugin" 57
"../../../Engine/Plugins/Runtime/OculusRift/OculusRift.uplugin" 58
"../../../Engine/Plugins/Runtime/ProceduralMeshComponent/ProceduralMeshComponent.uplugin" 59
"../../../Engine/Plugins/Runtime/SoundMod/SoundMod.uplugin" 60
"../../../Engine/Plugins/Runtime/SoundVisualizations/SoundVisualizations.uplugin" 61
"../../../Engine/Plugins/Runtime/Steam/SteamController/SteamController.uplugin" 62
"../../../Engine/Plugins/Runtime/Steam/SteamVR/SteamVR.uplugin" 63
"../../../Engine/Plugins/Runtime/TwitchLiveStreaming/TwitchLiveStreaming.uplugin" 64
"../../../Engine/Plugins/Runtime/WebBrowserWidget/WebBrowserWidget.uplugin" 65
"../../../Engine/Plugins/Runtime/WindowsDeviceProfileSelector/WindowsDeviceProfileSelector.uplugin" 66
"../../../Engine/Plugins/Runtime/WindowsMoviePlayer/WindowsMoviePlayer.uplugin" 67
"../../../Engine/Plugins/ScriptGeneratorPlugin/ScriptGeneratorPlugin.uplugin" 68
"../../../Engine/Plugins/ScriptPlugin/ScriptPlugin.uplugin" 69
"../../../Engine/Plugins/Slate/SlateRemote/SlateRemote.uplugin" 70
"..\..\..\Engine\Content\Internationalization\icudt53l\cnvalias.icu" 71
"..\..\..\Engine\Content\Internationalization\icudt53l\en_US_POSIX.res" 72
"..\..\..\Engine\Content\Internationalization\icudt53l\pool.res" 73
"..\..\..\Engine\Content\Internationalization\icudt53l\en_US.res" 74
"..\..\..\Engine\Content\Internationalization\icudt53l\en.res" 75
"..\..\..\Engine\Content\Internationalization\icudt53l\root.res" 76
"..\..\..\Engine\Content\Internationalization\icudt53l\ko_KR.res" 77
"..\..\..\Engine\Content\Internationalization\icudt53l\ko.res" 78
"../../../Engine/Saved/Config/Windows/Manifest.ini" 79
"../../../Engine/Config/Base.ini" 80
"../../../Engine/Config/BaseEngine.ini" 81
"C:/Work/UE4PatchTest/PatchTest/Config/DefaultEngine.ini" 82
"../../../Engine/Config/Windows/WindowsEngine.ini" 83
"C:/Work/UE4PatchTest/PatchTest/Saved/Config/Windows/Engine.ini" 84
"C:/Work/UE4PatchTest/PatchTest/Intermediate/Config/CoalescedSourceConfigs/Engine.ini" 85
"../../../Engine/Config/BaseGame.ini" 86
"C:/Work/UE4PatchTest/PatchTest/Config/DefaultGame.ini" 87
"C:/Work/UE4PatchTest/PatchTest/Saved/Config/Windows/Game.ini" 88
"C:/Work/UE4PatchTest/PatchTest/Intermediate/Config/CoalescedSourceConfigs/Game.ini" 89
"../../../Engine/Config/BaseInput.ini" 90
"C:/Work/UE4PatchTest/PatchTest/Config/DefaultInput.ini" 91
"C:/Work/UE4PatchTest/PatchTest/Saved/Config/Windows/Input.ini" 92
"C:/Work/UE4PatchTest/PatchTest/Intermediate/Config/CoalescedSourceConfigs/Input.ini" 93
"../../../Engine/Config/BaseEditor.ini" 94
"C:/Work/UE4PatchTest/PatchTest/Config/DefaultEditor.ini" 95
"C:/Work/UE4PatchTest/PatchTest/Saved/Config/Windows/Editor.ini" 96
"C:/Work/UE4PatchTest/PatchTest/Intermediate/Config/CoalescedSourceConfigs/Editor.ini" 97
"../../../Engine/Config/BaseEditorPerProjectUserSettings.ini" 98
"C:/Work/UE4PatchTest/PatchTest/Config/DefaultEditorPerProjectUserSettings.ini" 99
"C:/Work/UE4PatchTest/PatchTest/Saved/Config/Windows/EditorPerProjectUserSettings.ini" 100
"C:/Work/UE4PatchTest/PatchTest/Intermediate/Config/CoalescedSourceConfigs/EditorPerProjectUserSettings.ini" 101
"../../../Engine/Config/BaseEditorSettings.ini" 102
"../../../Engine/Saved/Config/Windows/EditorSettings.ini" 103
"C:/Work/UE4PatchTest/PatchTest/Intermediate/Config/CoalescedSourceConfigs/EditorSettings.ini" 104
"../../../Engine/Config/BaseEditorLayout.ini" 105
"../../../Engine/Saved/Config/Windows/EditorLayout.ini" 106
"C:/Work/UE4PatchTest/PatchTest/Intermediate/Config/CoalescedSourceConfigs/EditorLayout.ini" 107
"../../../Engine/Config/BaseEditorKeyBindings.ini" 108
"../../../Engine/Saved/Config/Windows/EditorKeyBindings.ini" 109
"C:/Work/UE4PatchTest/PatchTest/Intermediate/Config/CoalescedSourceConfigs/EditorKeyBindings.ini" 110
"../../../Engine/Config/BaseCompat.ini" 111
"C:/Work/UE4PatchTest/PatchTest/Saved/Config/Windows/Compat.ini" 112
"C:/Work/UE4PatchTest/PatchTest/Intermediate/Config/CoalescedSourceConfigs/Compat.ini" 113
"../../../Engine/Config/BaseLightmass.ini" 114
"C:/Work/UE4PatchTest/PatchTest/Saved/Config/Windows/Lightmass.ini" 115
"C:/Work/UE4PatchTest/PatchTest/Intermediate/Config/CoalescedSourceConfigs/Lightmass.ini" 116
"../../../Engine/Config/BaseScalability.ini" 117
"C:/Work/UE4PatchTest/PatchTest/Saved/Config/Windows/Scalability.ini" 118
"C:/Work/UE4PatchTest/PatchTest/Intermediate/Config/CoalescedSourceConfigs/Scalability.ini" 119
"C:/Work/UE4PatchTest/PatchTest/Saved/Config/Windows/GameUserSettings.ini" 120
"C:/Work/UE4PatchTest/PatchTest/Intermediate/Config/CoalescedSourceConfigs/GameUserSettings.ini" 121
"../../../Engine/Config/BaseDeviceProfiles.ini" 122
"C:/Work/UE4PatchTest/PatchTest/Saved/Config/Windows/DeviceProfiles.ini" 123
"C:/Work/UE4PatchTest/PatchTest/Intermediate/Config/CoalescedSourceConfigs/DeviceProfiles.ini" 124
"../../../Engine/Config/ConsoleVariables.ini" 125
"..\..\..\Engine\Content\Internationalization\icudt53l\es.res" 126
"..\..\..\Engine\Content\Internationalization\icudt53l\ja.res" 127
"..\..\..\Engine\Content\Internationalization\icudt53l\pt_BR.res" 128
"..\..\..\Engine\Content\Internationalization\icudt53l\pt.res" 129
"..\..\..\Engine\Content\Internationalization\icudt53l\zh_CN.res" 130
"..\..\..\Engine\Content\Internationalization\icudt53l\zh_Hans_CN.res" 131
"..\..\..\Engine\Content\Internationalization\icudt53l\zh_Hans.res" 132
"..\..\..\Engine\Content\Internationalization\icudt53l\zh.res" 133
"F:/Work/q3-engine/Engine/Content/Localization/Editor/ko/Editor.locres" 134
"F:/Work/q3-engine/Engine/Content/Localization/EditorTutorials/ko/EditorTutorials.locres" 135
"F:/Work/q3-engine/Engine/Content/Localization/Keywords/ko/Keywords.locres" 136
"F:/Work/q3-engine/Engine/Content/Localization/Category/ko/Category.locres" 137
"F:/Work/q3-engine/Engine/Content/Localization/ToolTips/ko/ToolTips.locres" 138
"F:/Work/q3-engine/Engine/Content/Localization/PropertyNames/ko/PropertyNames.locres" 139
"F:/Work/q3-engine/Engine/Content/Localization/Engine/ko/Engine.locres" 140
"../../../Engine/Content/Slate/Fonts/Roboto-Regular.ttf" 141
"../../../Engine/Content/Slate/Fonts/DroidSansMono.ttf" 142
"../../../Engine/Content/Slate/Fonts/Roboto-Bold.ttf" 143
"../../../Engine/Content/Slate/Fonts/Roboto-Light.ttf" 144
"F:/Work/q3-engine/Engine/Binaries/Win64/../../../Engine/Shaders/ParticleSpriteVertexFactory.usf" 145
"F:/Work/q3-engine/Engine/Binaries/Win64/../../../Engine/Shaders/VertexFactoryCommon.usf" 146
"F:/Work/q3-engine/Engine/Binaries/Win64/../../../Engine/Shaders/Common.usf" 147
"F:/Work/q3-engine/Engine/Binaries/Win64/../../../Engine/Shaders/MetalCommon.usf" 148
"F:/Work/q3-engine/Engine/Binaries/Win64/../../../Engine/Shaders/ShaderVersion.usf" 149
"F:/Work/q3-engine/Engine/Binaries/Win64/../../../Engine/Shaders/CommonViewUniformBuffer.usf" 150
"F:/Work/q3-engine/Engine/Binaries/Win64/../../../Engine/Shaders/Definitions.usf" 151
"F:/Work/q3-engine/Engine/Binaries/Win64/../../../Engine/Shaders/Random.usf" 152
"F:/Work/q3-engine/Engine/Binaries/Win64/../../../Engine/Shaders/ParticleVertexFactoryCommon.usf" 153
"F:/Work/q3-engine/Engine/Binaries/Win64/../../../Engine/Shaders/ParticleGPUSpriteVertexFactory.usf" 154
"F:/Work/q3-engine/Engine/Binaries/Win64/../../../Engine/Shaders/ParticleBeamTrailVertexFactory.usf" 155
"F:/Work/q3-engine/Engine/Binaries/Win64/../../../Engine/Shaders/LocalVertexFactory.usf" 156
"F:/Work/q3-engine/Engine/Binaries/Win64/../../../Engine/Shaders/LocalVertexFactoryCommon.usf" 157
"F:/Work/q3-engine/Engine/Binaries/Win64/../../../Engine/Shaders/VectorFieldVisualizationVertexFactory.usf" 158
"F:/Work/q3-engine/Engine/Binaries/Win64/../../../Engine/Shaders/MeshParticleVertexFactory.usf" 159
"F:/Work/q3-engine/Engine/Binaries/Win64/../../../Engine/Shaders/GpuSkinVertexFactory.usf" 160
"F:/Work/q3-engine/Engine/Binaries/Win64/../../../Engine/Shaders/GpuSkinCacheCommon.usf" 161
"F:/Work/q3-engine/Engine/Binaries/Win64/../../../Engine/Shaders/LandscapeVertexFactory.usf" 162
"F:/Work/q3-engine/Engine/Binaries/Win64/../../../Engine/Shaders/SlateElementPixelShader.usf" 163
"F:/Work/q3-engine/Engine/Binaries/Win64/../../../Engine/Shaders/GammaCorrectionCommon.usf" 164
"F:/Work/q3-engine/Engine/Binaries/Win64/../../../Engine/Shaders/MaterialTemplate.usf" 165
"F:/Work/q3-engine/Engine/Binaries/Win64/../../../Engine/Shaders/DepthOfFieldCommon.usf" 166
"F:/Work/q3-engine/Engine/Binaries/Win64/../../../Engine/Shaders/GlobalDistanceFieldShared.usf" 167
"F:/Work/q3-engine/Engine/Binaries/Win64/../../../Engine/Shaders/SpeedTreeCommon.usf" 168
"F:/Work/q3-engine/Engine/Binaries/Win64/../../../Engine/Shaders/AtmosphereCommon.usf" 169
"F:/Work/q3-engine/Engine/Binaries/Win64/../../../Engine/Shaders/PaniniProjection.usf" 170
"F:/Work/q3-engine/Engine/Binaries/Win64/../../../Engine/Shaders/EyeAdaptationCommon.usf" 171
"F:/Work/q3-engine/Engine/Binaries/Win64/../../../Engine/Shaders/PostProcessCommon.usf" 172
"F:/Work/q3-engine/Engine/Binaries/Win64/../../../Engine/Shaders/DeferredShadingCommon.usf" 173
"F:/Work/q3-engine/Engine/Binaries/Win64/../../../Engine/Shaders/LightAccumulator.usf" 174
"F:/Work/q3-engine/Engine/Binaries/Win64/../../../Engine/Shaders/SlateVertexShader.usf" 175
"F:/Work/q3-engine/Engine/Binaries/Win64/../../../Engine/Shaders/ParticleSortKeyGen.usf" 176
"F:/Work/q3-engine/Engine/Binaries/Win64/../../../Engine/Shaders/ParticleBoundsShader.usf" 177
"F:/Work/q3-engine/Engine/Binaries/Win64/../../../Engine/Shaders/ParticleSimVisualizeShader.usf" 178
"F:/Work/q3-engine/Engine/Binaries/Win64/../../../Engine/Shaders/ParticleInjectionShader.usf" 179
"F:/Work/q3-engine/Engine/Binaries/Win64/../../../Engine/Shaders/ParticleSimulationShader.usf" 180
"F:/Work/q3-engine/Engine/Binaries/Win64/../../../Engine/Shaders/ParticleCurveInjectionShader.usf" 181
"F:/Work/q3-engine/Engine/Binaries/Win64/../../../Engine/Shaders/VectorFieldCompositeShaders.usf" 182
"F:/Work/q3-engine/Engine/Binaries/Win64/../../../Engine/Shaders/UpdateTextureShaders.usf" 183
"F:/Work/q3-engine/Engine/Binaries/Win64/../../../Engine/Shaders/SimpleElementColorChannelMaskPixelShader.usf" 184
"F:/Work/q3-engine/Engine/Binaries/Win64/../../../Engine/Shaders/SimpleElementPixelShader.usf" 185
"F:/Work/q3-engine/Engine/Binaries/Win64/../../../Engine/Shaders/ColorUtils.usf" 186
"F:/Work/q3-engine/Engine/Binaries/Win64/../../../Engine/Shaders/IESLightProfilesCommon.usf" 187
"F:/Work/q3-engine/Engine/Binaries/Win64/../../../Engine/Shaders/SimpleElementHitProxyPixelShader.usf" 188
"F:/Work/q3-engine/Engine/Binaries/Win64/../../../Engine/Shaders/SimpleElementVertexShader.usf" 189
"F:/Work/q3-engine/Engine/Binaries/Win64/../../../Engine/Shaders/ScreenVertexShader.usf" 190
"F:/Work/q3-engine/Engine/Binaries/Win64/../../../Engine/Shaders/ScreenPixelShader.usf" 191
"F:/Work/q3-engine/Engine/Binaries/Win64/../../../Engine/Shaders/RadixSortShaders.usf" 192
"F:/Work/q3-engine/Engine/Binaries/Win64/../../../Engine/Shaders/GpuSkinCacheComputeShader.usf" 193
"F:/Work/q3-engine/Engine/Binaries/Win64/../../../Engine/Shaders/NullPixelShader.usf" 194
"F:/Work/q3-engine/Engine/Binaries/Win64/../../../Engine/Shaders/LandscapeGrassWeight.usf" 195
"F:/Work/q3-engine/Engine/Binaries/Win64/../../../Engine/Shaders/VisualizeTexture.usf" 196
"F:/Work/q3-engine/Engine/Binaries/Win64/../../../Engine/Shaders/ScreenSpaceReflections.usf" 197
"F:/Work/q3-engine/Engine/Binaries/Win64/../../../Engine/Shaders/BRDF.usf" 198
"F:/Work/q3-engine/Engine/Binaries/Win64/../../../Engine/Shaders/MonteCarlo.usf" 199
"F:/Work/q3-engine/Engine/Binaries/Win64/../../../Engine/Shaders/ScreenSpaceRayCast.usf" 200
"F:/Work/q3-engine/Engine/Binaries/Win64/../../../Engine/Shaders/FilterVertexShader.usf" 201
"F:/Work/q3-engine/Engine/Binaries/Win64/../../../Engine/Shaders/FilterPixelShader.usf" 202
"F:/Work/q3-engine/Engine/Binaries/Win64/../../../Engine/Shaders/PostProcessVisualizeHDR.usf" 203
"F:/Work/q3-engine/Engine/Binaries/Win64/../../../Engine/Shaders/PostProcessHistogramCommon.usf" 204
"F:/Work/q3-engine/Engine/Binaries/Win64/../../../Engine/Shaders/TonemapCommon.usf" 205
"F:/Work/q3-engine/Engine/Binaries/Win64/../../../Engine/Shaders/ACES.usf" 206
"F:/Work/q3-engine/Engine/Binaries/Win64/../../../Engine/Shaders/MiniFontCommon.usf" 207
"F:/Work/q3-engine/Engine/Binaries/Win64/../../../Engine/Shaders/PostProcessVisualizeBuffer.usf" 208
"F:/Work/q3-engine/Engine/Binaries/Win64/../../../Engine/Shaders/PostProcessUpscale.usf" 209
"F:/Work/q3-engine/Engine/Binaries/Win64/../../../Engine/Shaders/PostProcessTonemap.usf" 210
"F:/Work/q3-engine/Engine/Binaries/Win64/../../../Engine/Shaders/PostProcessTestImage.usf" 211
"F:/Work/q3-engine/Engine/Binaries/Win64/../../../Engine/Shaders/PostProcessTemporalAA.usf" 212
"F:/Work/q3-engine/Engine/Binaries/Win64/../../../Engine/Shaders/PostProcessTemporalCommon.usf" 213
"F:/Work/q3-engine/Engine/Binaries/Win64/../../../Engine/Shaders/PostProcessSubsurface.usf" 214
"F:/Work/q3-engine/Engine/Binaries/Win64/../../../Engine/Shaders/SeparableSSS.usf" 215
"F:/Work/q3-engine/Engine/Binaries/Win64/../../../Engine/Shaders/PostProcessSelectionOutline.usf" 216
"F:/Work/q3-engine/Engine/Binaries/Win64/../../../Engine/Shaders/PostProcessSceneColorFringe.usf" 217
"F:/Work/q3-engine/Engine/Binaries/Win64/../../../Engine/Shaders/PostProcessNoiseBlur.usf" 218
"F:/Work/q3-engine/Engine/Binaries/Win64/../../../Engine/Shaders/PostProcessMotionBlur.usf" 219
"F:/Work/q3-engine/Engine/Binaries/Win64/../../../Engine/Shaders/FastMath.usf" 220
"F:/Work/q3-engine/Engine/Binaries/Win64/../../../Engine/Shaders/PostProcessVelocityFlatten.usf" 221
"F:/Work/q3-engine/Engine/Binaries/Win64/../../../Engine/Shaders/PostProcessMobile.usf" 222
"F:/Work/q3-engine/Engine/Binaries/Win64/../../../Engine/Shaders/PostProcessMaterialShaders.usf" 223
"F:/Work/q3-engine/Engine/Binaries/Win64/../../../Engine/Shaders/PostProcessLensFlares.usf" 224
"F:/Work/q3-engine/Engine/Binaries/Win64/../../../Engine/Shaders/PostProcessLensBlur.usf" 225
"F:/Work/q3-engine/Engine/Binaries/Win64/../../../Engine/Shaders/PostProcessBloom.usf" 226
"F:/Work/q3-engine/Engine/Binaries/Win64/../../../Engine/Shaders/PostProcessHMD.usf" 227
"F:/Work/q3-engine/Engine/Binaries/Win64/../../../Engine/Shaders/PostProcessHistogramReduce.usf" 228
"F:/Work/q3-engine/Engine/Binaries/Win64/../../../Engine/Shaders/PostProcessHistogram.usf" 229
"F:/Work/q3-engine/Engine/Binaries/Win64/../../../Engine/Shaders/PostProcessHierarchical.usf" 230
"F:/Work/q3-engine/Engine/Binaries/Win64/../../../Engine/Shaders/PostProcessGBufferHints.usf" 231
"F:/Work/q3-engine/Engine/Binaries/Win64/../../../Engine/Shaders/PostProcessEyeAdaptation.usf" 232
"F:/Work/q3-engine/Engine/Binaries/Win64/../../../Engine/Shaders/PostProcessDownsample.usf" 233
"F:/Work/q3-engine/Engine/Binaries/Win64/../../../Engine/Shaders/PostProcessDOF.usf" 234
"F:/Work/q3-engine/Engine/Binaries/Win64/../../../Engine/Shaders/PostProcessCompositeEditorPrimitives.usf" 235
"F:/Work/q3-engine/Engine/Binaries/Win64/../../../Engine/Shaders/PostProcessCombineLUTs.usf" 236
"F:/Work/q3-engine/Engine/Binaries/Win64/../../../Engine/Shaders/PostProcessCircleDOF.usf" 237
"F:/Work/q3-engine/Engine/Binaries/Win64/../../../Engine/Shaders/CircleDOFCommon.usf" 238
"F:/Work/q3-engine/Engine/Binaries/Win64/../../../Engine/Shaders/PostProcessBusyWait.usf" 239
"F:/Work/q3-engine/Engine/Binaries/Win64/../../../Engine/Shaders/PostProcessBokehDOF.usf" 240
"F:/Work/q3-engine/Engine/Binaries/Win64/../../../Engine/Shaders/PostProcessVisualizeDOF.usf" 241
"F:/Work/q3-engine/Engine/Binaries/Win64/../../../Engine/Shaders/FXAAShader.usf" 242
"F:/Work/q3-engine/Engine/Binaries/Win64/../../../Engine/Shaders/Fxaa3_11.usf" 243
"F:/Work/q3-engine/Engine/Binaries/Win64/../../../Engine/Shaders/PostProcessPassThrough.usf" 244
"F:/Work/q3-engine/Engine/Binaries/Win64/../../../Engine/Shaders/PostProcessLpvIndirect.usf" 245
"F:/Work/q3-engine/Engine/Binaries/Win64/../../../Engine/Shaders/DeferredLightingCommon.usf" 246
"F:/Work/q3-engine/Engine/Binaries/Win64/../../../Engine/Shaders/DynamicLightingCommon.usf" 247
"F:/Work/q3-engine/Engine/Binaries/Win64/../../../Engine/Shaders/ShadingModels.usf" 248
"F:/Work/q3-engine/Engine/Binaries/Win64/../../../Engine/Shaders/LPVFinalPass.usf" 249
"F:/Work/q3-engine/Engine/Binaries/Win64/../../../Engine/Shaders/LPVCommon.usf" 250
"F:/Work/q3-engine/Engine/Binaries/Win64/../../../Engine/Shaders/DeferredDecal.usf" 251
"F:/Work/q3-engine/Engine/Binaries/Win64/../../../Engine/Shaders/PostProcessAmbientOcclusion.usf" 252
"F:/Work/q3-engine/Engine/Binaries/Win64/../../../Engine/Shaders/PostProcessAmbient.usf" 253
"F:/Work/q3-engine/Engine/Binaries/Win64/../../../Engine/Shaders/CubemapCommon.usf" 254
"F:/Work/q3-engine/Engine/Binaries/Win64/../../../Engine/Shaders/VelocityShader.usf" 255
"F:/Work/q3-engine/Engine/Binaries/Win64/../../../Engine/Shaders/VelocityCommon.usf" 256
"F:/Work/q3-engine/Engine/Binaries/Win64/../../../Engine/Shaders/Tessellation.usf" 257
"F:/Work/q3-engine/Engine/Binaries/Win64/../../../Engine/Shaders/FlatTessellation.usf" 258
"F:/Work/q3-engine/Engine/Binaries/Win64/../../../Engine/Shaders/PNTriangles.usf" 259
"F:/Work/q3-engine/Engine/Binaries/Win64/../../../Engine/Shaders/TranslucentLightingShaders.usf" 260
"F:/Work/q3-engine/Engine/Binaries/Win64/../../../Engine/Shaders/SHCommon.usf" 261
"F:/Work/q3-engine/Engine/Binaries/Win64/../../../Engine/Shaders/ShadowProjectionCommon.usf" 262
"F:/Work/q3-engine/Engine/Binaries/Win64/../../../Engine/Shaders/TranslucentLightInjectionShaders.usf" 263
"F:/Work/q3-engine/Engine/Binaries/Win64/../../../Engine/Shaders/LightFunctionCommon.usf" 264
"F:/Work/q3-engine/Engine/Binaries/Win64/../../../Engine/Shaders/TranslucentShadowDepthShaders.usf" 265
"F:/Work/q3-engine/Engine/Binaries/Win64/../../../Engine/Shaders/ShadowDepthCommon.usf" 266
"F:/Work/q3-engine/Engine/Binaries/Win64/../../../Engine/Shaders/TiledDeferredLightShaders.usf" 267
"F:/Work/q3-engine/Engine/Binaries/Win64/../../../Engine/Shaders/SurfelTree.usf" 268
"F:/Work/q3-engine/Engine/Binaries/Win64/../../../Engine/Shaders/DistanceFieldLightingShared.usf" 269
"F:/Work/q3-engine/Engine/Binaries/Win64/../../../Engine/Shaders/SurfelMaterialShared.usf" 270
"F:/Work/q3-engine/Engine/Binaries/Win64/../../../Engine/Shaders/DistanceFieldAOShared.usf" 271
"F:/Work/q3-engine/Engine/Binaries/Win64/../../../Engine/Shaders/ShadowProjectionPixelShader.usf" 272
"F:/Work/q3-engine/Engine/Binaries/Win64/../../../Engine/Shaders/ShadowFilteringCommon.usf" 273
"F:/Work/q3-engine/Engine/Binaries/Win64/../../../Engine/Shaders/ShadowProjectionVertexShader.usf" 274
"F:/Work/q3-engine/Engine/Binaries/Win64/../../../Engine/Shaders/ShadowDepthPixelShader.usf" 275
"F:/Work/q3-engine/Engine/Binaries/Win64/../../../Engine/Shaders/LPVWriteVplCommon.usf" 276
"F:/Work/q3-engine/Engine/Binaries/Win64/../../../Engine/Shaders/LPVWriteCommon.usf" 277
"F:/Work/q3-engine/Engine/Binaries/Win64/../../../Engine/Shaders/ShadowDepthVertexShader.usf" 278
"F:/Work/q3-engine/Engine/Binaries/Win64/../../../Engine/Shaders/ShaderComplexityApplyPixelShader.usf" 279
"F:/Work/q3-engine/Engine/Binaries/Win64/../../../Engine/Shaders/ShaderComplexityApplyVertexShader.usf" 280
"F:/Work/q3-engine/Engine/Binaries/Win64/../../../Engine/Shaders/ShaderComplexityAccumulatePixelShader.usf" 281
"F:/Work/q3-engine/Engine/Binaries/Win64/../../../Engine/Shaders/HZBOcclusion.usf" 282
"F:/Work/q3-engine/Engine/Binaries/Win64/../../../Engine/Shaders/OcclusionQueryVertexShader.usf" 283
"F:/Work/q3-engine/Engine/Binaries/Win64/../../../Engine/Shaders/HitProxyPixelShader.usf" 284
"F:/Work/q3-engine/Engine/Binaries/Win64/../../../Engine/Shaders/HitProxyVertexShader.usf" 285
"F:/Work/q3-engine/Engine/Binaries/Win64/../../../Engine/Shaders/ReflectionEnvironmentShaders.usf" 286
"F:/Work/q3-engine/Engine/Binaries/Win64/../../../Engine/Shaders/ReflectionEnvironmentShared.usf" 287
"F:/Work/q3-engine/Engine/Binaries/Win64/../../../Engine/Shaders/SkyLightingShared.usf" 288
"F:/Work/q3-engine/Engine/Binaries/Win64/../../../Engine/Shaders/ReflectionEnvironmentComputeShaders.usf" 289
"F:/Work/q3-engine/Engine/Binaries/Win64/../../../Engine/Shaders/LightShaftShader.usf" 290
"F:/Work/q3-engine/Engine/Binaries/Win64/../../../Engine/Shaders/StationaryLightOverlapShaders.usf" 291
"F:/Work/q3-engine/Engine/Binaries/Win64/../../../Engine/Shaders/DeferredLightPixelShaders.usf" 292
"F:/Work/q3-engine/Engine/Binaries/Win64/../../../Engine/Shaders/DeferredLightVertexShaders.usf" 293
"F:/Work/q3-engine/Engine/Binaries/Win64/../../../Engine/Shaders/LPVVisualise.usf" 294
"F:/Work/q3-engine/Engine/Binaries/Win64/../../../Engine/Shaders/LPVGeometryVolumeCommon.usf" 295
"F:/Work/q3-engine/Engine/Binaries/Win64/../../../Engine/Shaders/LPVDirectLightInject.usf" 296
"F:/Work/q3-engine/Engine/Binaries/Win64/../../../Engine/Shaders/LPVPropagate.usf" 297
"F:/Work/q3-engine/Engine/Binaries/Win64/../../../Engine/Shaders/LPVPacking.usf" 298
"F:/Work/q3-engine/Engine/Binaries/Win64/../../../Engine/Shaders/LPVBuildGeometryVolume.usf" 299
"F:/Work/q3-engine/Engine/Binaries/Win64/../../../Engine/Shaders/LpvDirectionalOcclusion.usf" 300
"F:/Work/q3-engine/Engine/Binaries/Win64/../../../Engine/Shaders/LPVInject_AccumulateVplLists.usf" 301
"F:/Work/q3-engine/Engine/Binaries/Win64/../../../Engine/Shaders/LPVInject_GenerateVplLists.usf" 302
"F:/Work/q3-engine/Engine/Binaries/Win64/../../../Engine/Shaders/LPVClearLists.usf" 303
"F:/Work/q3-engine/Engine/Binaries/Win64/../../../Engine/Shaders/LPVClear.usf" 304
"F:/Work/q3-engine/Engine/Binaries/Win64/../../../Engine/Shaders/LightMapDensityShader.usf" 305
"F:/Work/q3-engine/Engine/Binaries/Win64/../../../Engine/Shaders/LightFunctionPixelShader.usf" 306
"F:/Work/q3-engine/Engine/Binaries/Win64/../../../Engine/Shaders/LightFunctionVertexShader.usf" 307
"F:/Work/q3-engine/Engine/Binaries/Win64/../../../Engine/Shaders/HeightfieldLighting.usf" 308
"F:/Work/q3-engine/Engine/Binaries/Win64/../../../Engine/Shaders/DistanceFieldShadowingShared.usf" 309
"F:/Work/q3-engine/Engine/Binaries/Win64/../../../Engine/Shaders/HdrCustomResolveShaders.usf" 310
"F:/Work/q3-engine/Engine/Binaries/Win64/../../../Engine/Shaders/GPUBenchmark.usf" 311
"F:/Work/q3-engine/Engine/Binaries/Win64/../../../Engine/Shaders/GlobalDistanceField.usf" 312
"F:/Work/q3-engine/Engine/Binaries/Win64/../../../Engine/Shaders/GammaCorrection.usf" 313
"F:/Work/q3-engine/Engine/Binaries/Win64/../../../Engine/Shaders/BasePassForForwardShadingPixelShader.usf" 314
"F:/Work/q3-engine/Engine/Binaries/Win64/../../../Engine/Shaders/BasePassForForwardShadingCommon.usf" 315
"F:/Work/q3-engine/Engine/Binaries/Win64/../../../Engine/Shaders/LightmapCommon.usf" 316
"F:/Work/q3-engine/Engine/Binaries/Win64/../../../Engine/Shaders/BasePassForForwardShadingVertexShader.usf" 317
"F:/Work/q3-engine/Engine/Binaries/Win64/../../../Engine/Shaders/HeightFogCommon.usf" 318
"F:/Work/q3-engine/Engine/Binaries/Win64/../../../Engine/Shaders/HeightFogPixelShader.usf" 319
"F:/Work/q3-engine/Engine/Binaries/Win64/../../../Engine/Shaders/HeightFogVertexShader.usf" 320
"F:/Work/q3-engine/Engine/Binaries/Win64/../../../Engine/Shaders/DistortAccumulatePS.usf" 321
"F:/Work/q3-engine/Engine/Binaries/Win64/../../../Engine/Shaders/DistortAccumulateVS.usf" 322
"F:/Work/q3-engine/Engine/Binaries/Win64/../../../Engine/Shaders/DistortApplyScreenPS.usf" 323
"F:/Work/q3-engine/Engine/Binaries/Win64/../../../Engine/Shaders/DistanceFieldSurfaceCacheLighting.usf" 324
"F:/Work/q3-engine/Engine/Binaries/Win64/../../../Engine/Shaders/SkyLighting.usf" 325
"F:/Work/q3-engine/Engine/Binaries/Win64/../../../Engine/Shaders/DistanceFieldSurfaceCacheLightingCompute.usf" 326
"F:/Work/q3-engine/Engine/Binaries/Win64/../../../Engine/Shaders/DistanceFieldShadowing.usf" 327
"F:/Work/q3-engine/Engine/Binaries/Win64/../../../Engine/Shaders/DistanceFieldScreenGridLighting.usf" 328
"F:/Work/q3-engine/Engine/Binaries/Win64/../../../Engine/Shaders/DistanceFieldLightingPost.usf" 329
"F:/Work/q3-engine/Engine/Binaries/Win64/../../../Engine/Shaders/DistanceFieldGlobalIllumination.usf" 330
"F:/Work/q3-engine/Engine/Binaries/Win64/../../../Engine/Shaders/DepthOnlyPixelShader.usf" 331
"F:/Work/q3-engine/Engine/Binaries/Win64/../../../Engine/Shaders/DepthOnlyVertexShader.usf" 332
"F:/Work/q3-engine/Engine/Binaries/Win64/../../../Engine/Shaders/PositionOnlyDepthVertexShader.usf" 333
"F:/Work/q3-engine/Engine/Binaries/Win64/../../../Engine/Shaders/DownsampleDepthPixelShader.usf" 334
"F:/Work/q3-engine/Engine/Binaries/Win64/../../../Engine/Shaders/EvaluateSurfelMaterial.usf" 335
"F:/Work/q3-engine/Engine/Binaries/Win64/../../../Engine/Shaders/ConvertToUniformMesh.usf" 336
"F:/Work/q3-engine/Engine/Binaries/Win64/../../../Engine/Shaders/BasePassPixelShader.usf" 337
"F:/Work/q3-engine/Engine/Binaries/Win64/../../../Engine/Shaders/BasePassCommon.usf" 338
"F:/Work/q3-engine/Engine/Binaries/Win64/../../../Engine/Shaders/ForEachLight.usf" 339
"F:/Work/q3-engine/Engine/Binaries/Win64/../../../Engine/Shaders/BasePassVertexShader.usf" 340
"F:/Work/q3-engine/Engine/Binaries/Win64/../../../Engine/Shaders/BasePassVertexCommon.usf" 341
"F:/Work/q3-engine/Engine/Binaries/Win64/../../../Engine/Shaders/BasePassTessellationShaders.usf" 342
"F:/Work/q3-engine/Engine/Binaries/Win64/../../../Engine/Shaders/AtmospherePrecompute.usf" 343
"F:/Work/q3-engine/Engine/Binaries/Win64/../../../Engine/Shaders/AtmospherePrecomputeCommon.usf" 344
"F:/Work/q3-engine/Engine/Binaries/Win64/../../../Engine/Shaders/AtmospherePrecomputeInscatter.usf" 345
"F:/Work/q3-engine/Engine/Binaries/Win64/../../../Engine/Shaders/AtmosphericFogShader.usf" 346
"F:/Work/q3-engine/Engine/Binaries/Win64/../../../Engine/Shaders/ResolveVertexShader.usf" 347
"F:/Work/q3-engine/Engine/Binaries/Win64/../../../Engine/Shaders/ResolvePixelShader.usf" 348
"F:/Work/q3-engine/Engine/Binaries/Win64/../../../Engine/Shaders/OneColorShader.usf" 349
"F:/Work/q3-engine/Engine/Binaries/Win64/../../../Engine/Shaders/MediaShaders.usf" 350
"F:/Work/q3-engine/Engine/Binaries/Win64/../../../Engine/Shaders/ClearReplacementShaders.usf" 351
"F:/Work/q3-engine/Engine/Binaries/Win64/../../../Engine/Shaders/SimpleElementTexture2DPreviewPixelShader.usf" 352
"F:/Work/q3-engine/Engine/Binaries/Win64/../../../Engine/Shaders/SimpleElementNormalMapPixelShader.usf" 353
"F:/Work/q3-engine/Engine/Binaries/Win64/../../../Engine/Shaders/meshpaintdilatepixelshader.usf" 354
"F:/Work/q3-engine/Engine/Binaries/Win64/../../../Engine/Shaders/meshpaintdilatevertexshader.usf" 355
"F:/Work/q3-engine/Engine/Binaries/Win64/../../../Engine/Shaders/MeshPaintPixelShader.usf" 356
"F:/Work/q3-engine/Engine/Binaries/Win64/../../../Engine/Shaders/MeshPaintVertexShader.usf" 357
"C:/Work/UE4PatchTest/PatchTest/Saved/Config/WindowsNoEditor/Engine.ini" 358
"../../../Engine/Config/Android/AndroidEngine.ini" 359
"../../../Engine/Config/IOS/IOSEngine.ini" 360
"C:/Work/UE4PatchTest/PatchTest/DerivedDataCache/Boot.ddc" 361
"../../../Engine/Content/EngineFonts/Roboto.uasset" 362
"../../../Engine/Content/EngineMaterials/Widget3DPassThrough_Translucent.uasset" 363
"../../../Engine/Content/EngineMaterials/Widget3DPassThrough.uasset" 364
"../../../Engine/Content/Functions/Engine_MaterialFunctions02/Texturing/ScreenAlignedUVs.uasset" 365
"../../../Engine/Content/EngineResources/WhiteSquareTexture.uasset" 366
"../../../Engine/Content/Functions/Engine_MaterialFunctions01/Shading/PowerToRoughness.uasset" 367
"../../../Engine/Content/Functions/Engine_MaterialFunctions01/Shading/ConvertFromDiffSpec.uasset" 368
"../../../Engine/Content/EngineMaterials/WorldGridMaterial.uasset" 369
"../../../Engine/Content/Functions/Engine_MaterialFunctions01/Opacity/CameraDepthFade.uasset" 370
"../../../Engine/Content/EngineMaterials/T_Default_Material_Grid_M.uasset" 371
"../../../Engine/Content/EngineMaterials/T_Default_Material_Grid_N.uasset" 372
"../../../Engine/Content/EngineMaterials/DefaultDeferredDecalMaterial.uasset" 373
"../../../Engine/Content/EngineMaterials/DefaultDiffuse.uasset" 374
"../../../Engine/Content/EngineMaterials/DefaultLightFunctionMaterial.uasset" 375
"../../../Engine/Content/EngineMaterials/DefaultPostProcessMaterial.uasset" 376
"../../../Engine/Content/Functions/Engine_MaterialFunctions02/Utility/BreakOutFloat2Components.uasset" 377
"../../../Engine/Content/EngineResources/DefaultTexture.uasset" 378
"C:/Users/mrhwang/AppData/Local/Temp/UnrealShaderWorkingDir/EBFD348049FE39D21443F7B92A0E7DEC/2/WorkerOutputOnly.out" 379
"C:/Users/mrhwang/AppData/Local/Temp/UnrealShaderWorkingDir/EBFD348049FE39D21443F7B92A0E7DEC/3/WorkerOutputOnly.out" 380
"C:/Users/mrhwang/AppData/Local/Temp/UnrealShaderWorkingDir/EBFD348049FE39D21443F7B92A0E7DEC/4/WorkerOutputOnly.out" 381
"C:/Users/mrhwang/AppData/Local/Temp/UnrealShaderWorkingDir/EBFD348049FE39D21443F7B92A0E7DEC/0/WorkerOutputOnly.out" 382
"C:/Users/mrhwang/AppData/Local/Temp/UnrealShaderWorkingDir/EBFD348049FE39D21443F7B92A0E7DEC/1/WorkerOutputOnly.out" 383
"../../../Engine/Content/EngineMaterials/Widget3DPassThrough_Translucent_OneSided.uasset" 384
"../../../Engine/Content/EngineMaterials/Widget3DPassThrough_Opaque.uasset" 385
"../../../Engine/Content/EngineMaterials/Widget3DPassThrough_Opaque_OneSided.uasset" 386
"../../../Engine/Content/EngineMaterials/Widget3DPassThrough_Masked.uasset" 387
"../../../Engine/Content/EngineMaterials/Widget3DPassThrough_Masked_OneSided.uasset" 388
"../../../Engine/Content/EditorResources/S_Actor.uasset" 389
"C:/Work/UE4PatchTest/PatchTest/Saved/Config/Windows/TemplateDefs.ini" 390
"C:/Work/UE4PatchTest/PatchTest/Intermediate/Config/CoalescedSourceConfigs/TemplateDefs.ini" 391
"C:/Work/UE4PatchTest/PatchTest/Saved/Config/Windows/GameplayTags.ini" 392
"C:/Work/UE4PatchTest/PatchTest/Intermediate/Config/CoalescedSourceConfigs/GameplayTags.ini" 393
"../../../Engine/Content/Maps/Templates/Thumbnails/Default.uasset" 394
"../../../Engine/Content/EditorMaterials/ParticleSystems/PSysThumbnail_NoImage.uasset" 395
"../../../Engine/Content/EditorMaterials/ParticleSystems/PSysThumbnail_OOD.uasset" 396
"../../../Engine/Content/EditorLandscapeResources/DataLayer.uasset" 397
"../../../Engine/Content/EngineDamageTypes/DmgTypeBP_Environmental.uasset" 398
"..\..\..\Engine\Content\Internationalization\icudt53l\numberingSystems.res" 399
"..\..\..\Engine\Content\Internationalization\icudt53l\curr\supplementalData.res" 400
"..\..\..\Engine\Content\Internationalization\icudt53l\curr\pool.res" 401
"..\..\..\Engine\Content\Internationalization\icudt53l\curr\ko.res" 402
"..\..\..\Engine\Content\Internationalization\icudt53l\curr\root.res" 403
"../../../Engine/Content/EngineMeshes/Sphere.uasset" 404
"../../../Engine/Content/EngineFonts/RobotoDistanceField.uasset" 405
"../../../Engine/Content/EngineMaterials/DefaultTextMaterialOpaque.uasset" 406
"../../../Engine/Content/EditorResources/S_Trigger.uasset" 407
"../../../Engine/Content/EngineResources/GradientTexture0.uasset" 408
"../../../Engine/Content/EngineResources/Black.uasset" 409
"../../../Engine/Content/EditorMaterials/MatineeGroups/MAT_Groups_Float.uasset" 410
"../../../Engine/Content/EditorMaterials/MatineeGroups/MAT_Groups_Director.uasset" 411
"../../../Engine/Content/EditorMaterials/MatineeGroups/MAT_Groups_Event.uasset" 412
"../../../Engine/Content/EditorMaterials/MatineeGroups/MAT_Groups_Anim.uasset" 413
"../../../Engine/Content/EditorMaterials/MatineeGroups/MAT_Groups_Fade.uasset" 414
"../../../Engine/Content/EditorMaterials/MatineeGroups/MAT_Groups_Move.uasset" 415
"../../../Engine/Content/EditorMaterials/MatineeGroups/MAT_Groups_Slomo.uasset" 416
"../../../Engine/Content/EditorMaterials/MatineeGroups/MAT_ColorTrack.uasset" 417
"../../../Engine/Content/EditorMaterials/MAT_Groups_Toggle.uasset" 418
"../../../Engine/Content/EditorMaterials/MatineeGroups/MAT_Groups_AudioMaster.uasset" 419
"../../../Engine/Content/EditorMaterials/MatineeGroups/MAT_Groups_Sound.uasset" 420
"../../../Engine/Content/EditorMaterials/MatineeGroups/MAT_Groups_Vector.uasset" 421
"../../../Engine/Content/EditorMaterials/MAT_Groups_Visibility.uasset" 422
"../../../Engine/Content/EngineResources/DefaultTextureCube.uasset" 423
"../../../Engine/Content/EngineSounds/Master.uasset" 424
"../../../Engine/Content/EngineSounds/Music.uasset" 425
"../../../Engine/Content/EngineSounds/SFX.uasset" 426
"../../../Engine/Content/EngineSounds/Normal_Attack.uasset" 427
"../../../Engine/Content/EngineSounds/Special_Attack_PSM.uasset" 428
"../../../Engine/Content/EngineSounds/Duck_Normal_Attack_MixMod.uasset" 429
"../../../Engine/Content/EngineSounds/Voice.uasset" 430
"../../../Engine/Content/EngineMeshes/Cylinder.uasset" 431
"../../../Engine/Content/EngineMaterials/DefaultMaterial.uasset" 432
"../../../Engine/Content/EngineTireTypes/DefaultTireType.uasset" 433
"../../../Engine/Content/Editor/Slate/Fonts/FontAwesome.ttf" 434
"../../../Engine/Content/Editor/Slate/Fonts/DroidSansMono.ttf" 435
"../../../Engine/Content/Editor/Slate/Fonts/Roboto-BoldCondensed.ttf" 436
"../../../Engine/Content/Editor/Slate/Fonts/Roboto-Black.ttf" 437
"../../../Engine/Content/Editor/Slate/Fonts/Roboto-Italic.ttf" 438
"../../../Engine/Content/Editor/Slate/Fonts/Roboto-BoldCondensedItalic.ttf" 439
"..\..\..\Engine\Content\Internationalization\icudt53l\coll\ucadata.icu" 440
"..\..\..\Engine\Content\Internationalization\icudt53l\nfc.nrm" 441
"..\..\..\Engine\Content\Internationalization\icudt53l\coll\ko.res" 442
"..\..\..\Engine\Content\Internationalization\icudt53l\coll\root.res" 443
"../../../Engine/Content/EngineResources/AICON-Red.uasset" 444
"../../../Engine/Content/EngineResources/AICON-Green.uasset" 445
"../../../Engine/Content/Tutorial/Basics/LevelEditorAttract.uasset" 446
"../../../Engine/Content/Tutorial/ContentIntroCurve.uasset" 447
"../../../Engine/Plugins/2D/Paper2D/Content/MaskedUnlitSpriteMaterial.uasset" 448
"../../../Engine/Plugins/2D/Paper2D/Content/DefaultSpriteMaterial.uasset" 449
"../../../Engine/Plugins/2D/Paper2D/Content/PlaceholderTextures/DummySpriteTexture.uasset" 450
"../../../Engine/Plugins/2D/Paper2D/Content/OpaqueUnlitSpriteMaterial.uasset" 451
"../../../Engine/Plugins/2D/Paper2D/Content/DefaultPaperTerrainMaterial.uasset" 452
"../../../Engine/Plugins/2D/Paper2D/Content/DummySprite.uasset" 453
"../../../Engine/Plugins/2D/Paper2D/Content/DummySpriteTexture.uasset" 454
"C:/Work/UE4PatchTest/PatchTest/Content/TopDownCPP/Blueprints/TopDownCharacter.uasset" 455
"C:/Work/UE4PatchTest/PatchTest/Content/Mannequin/Animations/ThirdPerson_AnimBP.uasset" 456
"C:/Work/UE4PatchTest/PatchTest/Content/Mannequin/Animations/ThirdPersonJump_End.uasset" 457
"C:/Work/UE4PatchTest/PatchTest/Content/Mannequin/Character/Mesh/SK_Mannequin_Skeleton.uasset" 458
"C:/Work/UE4PatchTest/PatchTest/Content/Mannequin/Animations/ThirdPersonJump_Loop.uasset" 459
"C:/Work/UE4PatchTest/PatchTest/Content/Mannequin/Animations/ThirdPersonJump_Start.uasset" 460
"C:/Work/UE4PatchTest/PatchTest/Content/Mannequin/Animations/ThirdPerson_IdleRun_2D.uasset" 461
"C:/Work/UE4PatchTest/PatchTest/Content/Mannequin/Animations/ThirdPersonIdle.uasset" 462
"C:/Work/UE4PatchTest/PatchTest/Content/Mannequin/Animations/ThirdPersonRun.uasset" 463
"C:/Work/UE4PatchTest/PatchTest/Content/Mannequin/Animations/ThirdPersonWalk.uasset" 464
"../../../Engine/Content/EditorBlueprintResources/StandardMacros.uasset" 465
"C:/Work/UE4PatchTest/PatchTest/Content/Mannequin/Character/Mesh/SK_Mannequin.uasset" 466
"C:/Work/UE4PatchTest/PatchTest/Content/Mannequin/Character/Materials/M_UE4Man_Body.uasset" 467
"../../../Engine/Content/Functions/Engine_MaterialFunctions02/Utility/BlendAngleCorrectedNormals.uasset" 468
"../../../Engine/Content/Functions/MaterialLayerFunctions/MatLayerBlend_NormalBlend.uasset" 469
"../../../Engine/Content/Functions/MaterialLayerFunctions/MatLayerBlend_Simple.uasset" 470
"C:/Work/UE4PatchTest/PatchTest/Content/Mannequin/Character/Materials/MaterialLayers/ML_GlossyBlack_Latex_UE4.uasset" 471
"C:/Work/UE4PatchTest/PatchTest/Content/Mannequin/Character/Materials/MaterialLayers/T_ML_Rubber_Blue_01_D.uasset" 472
"C:/Work/UE4PatchTest/PatchTest/Content/Mannequin/Character/Materials/MaterialLayers/T_ML_Rubber_Blue_01_N.uasset" 473
"C:/Work/UE4PatchTest/PatchTest/Content/Mannequin/Character/Materials/MaterialLayers/ML_Plastic_Shiny_Beige.uasset" 474
"C:/Work/UE4PatchTest/PatchTest/Content/Mannequin/Character/Materials/MaterialLayers/ML_Plastic_Shiny_Beige_LOGO.uasset" 475
"C:/Work/UE4PatchTest/PatchTest/Content/Mannequin/Character/Textures/UE4_LOGO_CARD.uasset" 476
"C:/Work/UE4PatchTest/PatchTest/Content/Mannequin/Character/Materials/MaterialLayers/ML_SoftMetal_UE4.uasset" 477
"C:/Work/UE4PatchTest/PatchTest/Content/Mannequin/Character/Materials/MaterialLayers/T_ML_Aluminum01.uasset" 478
"C:/Work/UE4PatchTest/PatchTest/Content/Mannequin/Character/Materials/MaterialLayers/T_ML_Aluminum01_N.uasset" 479
"C:/Work/UE4PatchTest/PatchTest/Content/Mannequin/Character/Textures/T_UE4_Mannequin_Mobile_M.uasset" 480
"C:/Work/UE4PatchTest/PatchTest/Content/Mannequin/Character/Textures/T_UE4_Mannequin_Mobile_N.uasset" 481
"C:/Work/UE4PatchTest/PatchTest/Content/Mannequin/Character/Materials/M_UE4Man_ChestLogo.uasset" 482
"C:/Work/UE4PatchTest/PatchTest/Content/Mannequin/Character/Textures/UE4Man_Logo_N.uasset" 483
"../../../Engine/Saved/Config/Windows/SourceControlSettings.ini" 484
"C:/Work/UE4PatchTest/PatchTest/Intermediate/Config/CoalescedSourceConfigs/SourceControlSettings.ini" 485
"C:/Work/UE4PatchTest/PatchTest/Saved/Config/Windows/SourceControlSettings.ini" 486
"../../../Engine/Plugins/Runtime/LeapMotionController/Content/LM_CapsuleMesh.uasset" 487
"../../../Engine/Plugins/Runtime/LeapMotionController/Content/LM_TorusMesh.uasset" 488
"../../../Engine/Plugins/Runtime/LeapMotionController/Content/LM_HandColor.uasset" 489
"../../../Engine/Plugins/Runtime/LeapMotionController/Content/LM_PassthroughMaterial.uasset" 490
"../../../Engine/Plugins/Runtime/LeapMotionController/Content/LM_SampleDistortion.uasset" 491
"../../../Engine/Plugins/Runtime/LeapMotionController/Content/LM_TestTexture.uasset" 492
"../../../Engine/Content/BasicShapes/Cube.uasset" 493
"../../../Engine/Content/EngineMaterials/RemoveSurfaceMaterial.uasset" 494
"../../../Engine/Content/EngineDebugMaterials/DebugMeshMaterial.uasset" 495
"../../../Engine/Content/EngineMaterials/M_InvalidLightmapSettings.uasset" 496
"../../../Engine/Content/EngineMaterials/InvalidLightmapSettings.uasset" 497
"../../../Engine/Content/EditorMaterials/GizmoMaterial.uasset" 498
"../../../Engine/Content/EngineMaterials/Good64x64TilingNoiseHighFreq.uasset" 499
"../../../Engine/Content/EngineMaterials/DefaultBokeh.uasset" 500
"../../../Engine/Content/EngineMaterials/PreintegratedSkinBRDF.uasset" 501
"../../../Engine/Content/EngineMaterials/MiniFont.uasset" 502
"../../../Engine/Content/EngineMaterials/WeightMapPlaceholderTexture.uasset" 503
"../../../Engine/Content/EngineMaterials/DefaultWhiteGrid.uasset" 504
"../../../Engine/Content/EngineMaterials/DefaultPhysicalMaterial.uasset" 505
"../../../Engine/Content/EngineFonts/RobotoTiny.uasset" 506
"C:/Work/UE4PatchTest/PatchTest/Intermediate/CachedAssetRegistry.bin" 507
"C:/Work/UE4PatchTest/PatchTest/Saved/Autosaves/Game/Blueprints/CubeBP_Auto2.uasset" 508
"C:/Work/UE4PatchTest/PatchTest/Saved/Autosaves/Game/TopDownCPP/Maps/TopDownExampleMap_Auto1.umap" 509
"../../../Engine/Config/HTML5/HTML5Engine.ini" 510
"../../../Engine/Content/MobileResources/HUD/VirtualJoystick_Thumb.uasset" 511
"../../../Engine/Content/EditorResources/BSPVertex.uasset" 512
"../../../Engine/Content/EngineDebugMaterials/GeomMaterial.uasset" 513
"../../../Engine/DerivedDataCache/6/5/8/MATSM_984AFA3849534FAA8491540B994BD32E_PCD3D_SM5_3__BC5N_DEV_SL_NODBUFE7AF1927__C449D093A227B01B4C7B2453FE6C50A992B3A0B1.udd" 514
"../../../Engine/Content/EngineDebugMaterials/BoneWeightMaterial.uasset" 515
"../../../Engine/Content/EngineDebugMaterials/HeatmapGradient.uasset" 516
"../../../Engine/DerivedDataCache/9/6/3/MATSM_984AFA3849534FAA8491540B994BD32E_PCD3D_SM5_3__BC5N_DEV_SL_NODBUF32DBCB61__F59DFBA502A8956EF2A546A14A1D5560CA339A48.udd" 517
"../../../Engine/Content/EditorMaterials/PhAT_JointLimitMaterial.uasset" 518
"../../../Engine/DerivedDataCache/3/2/1/MATSM_984AFA3849534FAA8491540B994BD32E_PCD3D_SM5_3__BC5N_DEV_SL_NODBUFCA0E6DD7__D30E569075E7308A056807BBA4FF6E23186051AA.udd" 519
"../../../Engine/Content/EditorMaterials/PreviewShadowIndicatorMaterial.uasset" 520
"../../../Engine/Content/EditorMaterials/PreviewShadowIndicator.uasset" 521
"../../../Engine/DerivedDataCache/6/1/5/MATSM_984AFA3849534FAA8491540B994BD32E_PCD3D_SM5_3__BC5N_DEV_SL_NODBUF87C16D7D__8703F0190BF132EEF50498EE91B9709A93EA0C19.udd" 522
"../../../Engine/Content/EngineMaterials/EditorBrushMaterial.uasset" 523
"../../../Engine/DerivedDataCache/8/5/9/MATSM_984AFA3849534FAA8491540B994BD32E_PCD3D_SM5_3__BC5N_DEV_SL_NODBUFBA2C527D__D263F05EE4E20D266638767C35FAF5FF0494E475.udd" 524
"../../../Engine/Content/Tutorial/BlueprintTutorials/TutorialAssets/Blueprint_64x.uasset" 525
"../../../Engine/Content/Tutorial/SubEditors/TutorialAssets/icon_Editor_Preferences_General_40x.uasset" 526
"../../../Engine/Content/Tutorial/Paper2D/TutorialAssets/Paper2DSprite_TutorialIcon.uasset" 527
"../../../Engine/Content/Tutorial/SubEditors/TutorialAssets/icon_ShowSkeletalMeshes_40x.uasset" 528
"../../../Engine/Content/Tutorial/Landscape/TutorialAssets/Landscape.uasset" 529
"../../../Engine/Content/Tutorial/Foliage/TutorialAssets/Foliage.uasset" 530
"../../../Engine/Content/Tutorial/SubEditors/StaticMeshEditorTutorial.uasset" 531
"../../../Engine/Content/EngineMeshes/Cube.uasset" 532
"../../../Engine/DerivedDataCache/7/5/9/STATICMESH_46A8778361B442A9523C54440EA1E9D_8C68575CEF434CA8A9E1DA4AED8A47BB_B2__0453A4B07143D225E494166AE072BC1F93912BF5.udd" 533
"../../../Engine/DerivedDataCache/9/6/0/NAVCOLLISION_B89838347A4348138EE337A847529C5C_NAVCOLLISION_X_655DB63D4F06BA2BC__D673B20FD4C4FF6589CB3D69A508DA20A76D50F0.udd" 534
"../../../Engine/DerivedDataCache/0/2/9/PHYSX_1D9C17C451EA4FB88CB7A27536A65DB0_PHYSXPC_655DB63D4F06BA2BC136A19EC273BBD__8B112858BCBD374A40BC266F1830B5517AD9815D.udd" 535
"../../../Engine/Content/Tutorial/Basics/LevelEditorOverview.uasset" 536
"../../../Engine/Content/Tutorial/Basics/TutorialAssets/icon_tab_Levels_40x.uasset" 537
"../../../Engine/Content/Tutorial/BlueprintTutorials/BlueprintEditorTutorial.uasset" 538
"../../../Engine/Content/Tutorial/BlueprintTutorials/BlueprintMacroLibrariesEditorOverview.uasset" 539
"../../../Engine/Content/Tutorial/BlueprintTutorials/TutorialAssets/BlueprintMacroLibrary_64x.uasset" 540
"../../../Engine/Content/Tutorial/BlueprintTutorials/TutorialAssets/Tutorial_BP_MacroLib.uasset" 541
"../../../Engine/Content/Tutorial/BlueprintTutorials/BlueprintInterfacesEditorOverview.uasset" 542
"../../../Engine/Content/Tutorial/BlueprintTutorials/TutorialAssets/BlueprintInterface_64x.uasset" 543
"../../../Engine/Content/Tutorial/BlueprintTutorials/TutorialAssets/Tutorial_BP_Interface.uasset" 544
"../../../Engine/Content/Tutorial/BlueprintTutorials/LevelBlueprintEditorOverview.uasset" 545
"../../../Engine/Content/Tutorial/SubEditors/DestructibleMeshEditorTutorial.uasset" 546
"../../../Engine/Content/Tutorial/SubEditors/TutorialAssets/Tutorial_DM.uasset" 547
"../../../Engine/Content/EditorMeshes/EditorCube.uasset" 548
"../../../Engine/DerivedDataCache/4/0/7/STATICMESH_46A8778361B442A9523C54440EA1E9D_8C68575CEF434CA8A9E1DA4AED8A47BB_CA__2D8B2483DC0CF9D0E3709FFF081377CAF394F574.udd" 549
"../../../Engine/DerivedDataCache/1/4/9/NAVCOLLISION_B89838347A4348138EE337A847529C5C_NAVCOLLISION_X_97A0BECC4C251FC1E__76A39A91F9F928692A60BFE83F4D5BEBD7CD567D.udd" 550
"../../../Engine/DerivedDataCache/2/5/8/PHYSX_1D9C17C451EA4FB88CB7A27536A65DB0_PHYSXPC_97A0BECC4C251FC1EC8CB3B8C9097E6__412433F973340BC04B876D599045FC9FCDB5D22F.udd" 551
"../../../Engine/Content/Tutorial/SubEditors/MaterialEditorTutorial.uasset" 552
"../../../Engine/Content/Tutorial/SubEditors/TutorialAssets/TutorialMaterial.uasset" 553
"../../../Engine/Content/Tutorial/SubEditors/ParticleSystemEditorTutorial.uasset" 554
"../../../Engine/Content/Tutorial/SubEditors/TutorialAssets/TutorialParticleSystem.uasset" 555
"../../../Engine/Content/Tutorial/SubEditors/TutorialAssets/M_smoke_subUV_blackbody.uasset" 556
"../../../Engine/Content/Tutorial/SubEditors/TutorialAssets/T_SmokeSubUV_8X8.uasset" 557
"../../../Engine/Content/Tutorial/SubEditors/TutorialAssets/T_soft_smoke.uasset" 558
"../../../Engine/Content/Tutorial/SubEditors/PersonaAnimEditorWalkThrough.uasset" 559
"../../../Engine/Content/Tutorial/SubEditors/TutorialAssets/Character/NewBlendSpace1D.uasset" 560
"../../../Engine/Content/Tutorial/SubEditors/TutorialAssets/Character/Tutorial_Idle.uasset" 561
"../../../Engine/Content/Tutorial/SubEditors/TutorialAssets/Character/TutorialTPP_Skeleton.uasset" 562
"../../../Engine/Content/Tutorial/SubEditors/TutorialAssets/Character/Tutorial_Walk_Fwd.uasset" 563
"../../../Engine/Content/Tutorial/SubEditors/TutorialAssets/Character/TutorialTPP.uasset" 564
"../../../Engine/Content/Tutorial/SubEditors/TutorialAssets/Character/TutorialTPP_Mat.uasset" 565
"../../../Engine/Content/Tutorial/SubEditors/TutorialAssets/Character/TutorialTPP_PhysicsAsset.uasset" 566
"../../../Engine/Content/Tutorial/SubEditors/PersonaAnimBlueprintEditorWalkthrough.uasset" 567
"../../../Engine/Content/Tutorial/SubEditors/TutorialAssets/Character/TutorialTPP_AnimBlueprint.uasset" 568
"../../../Engine/Content/Tutorial/SubEditors/TutorialAssets/Character/TutorialCharacter.uasset" 569
"../../../Engine/Content/Tutorial/Paper2D/SpriteEditorTutorial.uasset" 570
"../../../Engine/Content/Tutorial/Paper2D/FlipbookEditorTutorial.uasset" 571
"../../../Engine/Content/Tutorial/Paper2D/TutorialAssets/Paper2DFlipbook_TutorialIcon.uasset" 572
"../../../Engine/Content/Tutorial/Landscape/Landscape_Manage_Mode.uasset" 573
"../../../Engine/Content/Tutorial/Landscape/Landscape_Sculpt_Mode.uasset" 574
"../../../Engine/Content/Tutorial/Landscape/Landscape_Painting_Mode.uasset" 575
"../../../Engine/Content/Tutorial/Foliage/Foliage_Intro_Tutorial.uasset" 576
"../../../Engine/Content/Tutorial/Foliage/Foliage_Using_The_Tool_Tutorial.uasset" 577
"../../../Engine/Content/Tutorial/Foliage/Foliage_Settings_Tutorial.uasset" 578
"../../../Engine/DerivedDataCache/3/7/9/TEXTURE_814DCC3DC72143F49509781513CB9855_BGRA8_2303080240B4FBC995EC43ABAA9A8C6__FF67176A68B6CAB831A7F4C31766F94B348FF9C3.udd" 579
"../../../Engine/DerivedDataCache/8/9/2/TEXTURE_814DCC3DC72143F49509781513CB9855_AUTODXT_C45F0F7D439FAD52041B1EBC5A8A1__FC5A29F424836F67547AB1BC14246603821353B4.udd" 580
"../../../Engine/DerivedDataCache/6/5/4/TEXTURE_814DCC3DC72143F49509781513CB9855_AUTODXT_FDD461EC4EDF5F99C659709B7A42E__FBBDD204E59CC3E3C9749161169905E65779DA9A.udd" 581
"../../../Engine/DerivedDataCache/0/7/5/TEXTURE_814DCC3DC72143F49509781513CB9855_AUTODXT_FDD461EC4EDF5F99C659709B7A42E__A862D430A5BD3851806098886F46A0DB4C02712D.udd" 582
"../../../Engine/DerivedDataCache/6/6/3/TEXTURE_814DCC3DC72143F49509781513CB9855_AUTODXT_FDD461EC4EDF5F99C659709B7A42E__5D8E67CBA0F04E790BD64833DFE9997DDB1D33F0.udd" 583
"../../../Engine/DerivedDataCache/7/8/4/TEXTURE_814DCC3DC72143F49509781513CB9855_AUTODXT_FDD461EC4EDF5F99C659709B7A42E__D3B9066E064FF8485C582FA787D958A7AE111964.udd" 584
"../../../Engine/DerivedDataCache/6/4/4/TEXTURE_814DCC3DC72143F49509781513CB9855_BC5_565E0359430950FA252A118AF8521636___AFD2E7B6C000DBB57C3C2251719C132A8B58702E.udd" 585
"../../../Engine/DerivedDataCache/6/3/0/TEXTURE_814DCC3DC72143F49509781513CB9855_BC5_565E0359430950FA252A118AF8521636___018F4075D3397499A38D84DACDCE819C495D7211.udd" 586
"../../../Engine/DerivedDataCache/6/6/2/TEXTURE_814DCC3DC72143F49509781513CB9855_BC5_565E0359430950FA252A118AF8521636___1978717988CE205C32B2214CC1D518693DF7C4D6.udd" 587
"../../../Engine/DerivedDataCache/4/2/8/TEXTURE_814DCC3DC72143F49509781513CB9855_AUTODXT_B21C1AFF42ACD5ADC8C382B3A090A__CA89507B8D820F4BC2690ECA204279B9555C9728.udd" 588
"../../../Engine/DerivedDataCache/5/7/1/TEXTURE_814DCC3DC72143F49509781513CB9855_AUTODXT_B21C1AFF42ACD5ADC8C382B3A090A__4CE82FE331674843D9D63FF6A48098076A341066.udd" 589
"../../../Engine/DerivedDataCache/0/9/0/TEXTURE_814DCC3DC72143F49509781513CB9855_AUTODXT_B21C1AFF42ACD5ADC8C382B3A090A__E2E37627513408BF1569A25F4D84185B4CD2360C.udd" 590
"../../../Engine/DerivedDataCache/3/5/7/TEXTURE_814DCC3DC72143F49509781513CB9855_AUTODXT_B21C1AFF42ACD5ADC8C382B3A090A__075E02065A5353E35623093DF43D23E005525A14.udd" 591
"../../../Engine/DerivedDataCache/5/8/9/TEXTURE_814DCC3DC72143F49509781513CB9855_AUTODXT_B21C1AFF42ACD5ADC8C382B3A090A__757395CD4BEBCAA3704D2DFD62AF92D69A63345C.udd" 592
"../../../Engine/DerivedDataCache/3/0/0/TEXTURE_814DCC3DC72143F49509781513CB9855_DXT1_15564967414184874DBCB89C44D5959C__BC764A2C9EE4304B0C67B21817404693E1F7E028.udd" 593
"../../../Engine/DerivedDataCache/0/9/9/TEXTURE_814DCC3DC72143F49509781513CB9855_DXT1_15564967414184874DBCB89C44D5959C__9D39F803524611E06A149C72524AD5B16F591378.udd" 594
"../../../Engine/DerivedDataCache/3/1/8/TEXTURE_814DCC3DC72143F49509781513CB9855_BGRA8_5216118D4EACC7D4064ADCBA89F7720__4776B6E2E6502A15BA73B7522CDBB3F8E50002AD.udd" 595
"../../../Engine/DerivedDataCache/2/8/1/TEXTURE_814DCC3DC72143F49509781513CB9855_BGRA8_5216118D4EACC7D4064ADCBA89F7720__66F5A912C12ECCBFC7828C141D8C68C1A07C0A15.udd" 596
"../../../Engine/DerivedDataCache/1/9/6/TEXTURE_814DCC3DC72143F49509781513CB9855_BGRA8_B19E8D43472CA8B277E8CCA8993996A__878CA4B0813C95120A256C74CF1AC98FA54BEF64.udd" 597
"../../../Engine/DerivedDataCache/4/1/1/TEXTURE_814DCC3DC72143F49509781513CB9855_AUTODXT_55809E694EE7DB292235CC917A5C5__4D92A2B66FAECA41CE73614053410F50678BE24C.udd" 598
"../../../Engine/DerivedDataCache/6/9/6/TEXTURE_814DCC3DC72143F49509781513CB9855_AUTODXT_55809E694EE7DB292235CC917A5C5__C6A8F34D0900A3DD1534E03772A62CDF3492E40E.udd" 599
"../../../Engine/DerivedDataCache/8/8/3/TEXTURE_814DCC3DC72143F49509781513CB9855_AUTODXT_55809E694EE7DB292235CC917A5C5__90EFA7DE31645D920A0D41E6D0BD39DDA2F4F975.udd" 600
"../../../Engine/DerivedDataCache/1/3/6/TEXTURE_814DCC3DC72143F49509781513CB9855_AUTODXT_7BC0404946D77A8C093A10AE0677E__E97FF2F2AD81D9F76D10FBE62D6E3756C8739EBA.udd" 601
"../../../Engine/DerivedDataCache/4/4/2/TEXTURE_814DCC3DC72143F49509781513CB9855_AUTODXT_7BC0404946D77A8C093A10AE0677E__3A8B6C1001F620AEC0F45773321B605B37FC4EDE.udd" 602
"../../../Engine/DerivedDataCache/0/1/3/TEXTURE_814DCC3DC72143F49509781513CB9855_G8_C13BD2BB45C48968C13E6F8322E0CF1A_0__A856BDB1C74F641C3E5A497386077ABA922667E4.udd" 603
"../../../Engine/DerivedDataCache/8/0/6/TEXTURE_814DCC3DC72143F49509781513CB9855_BGRA8_D0FECEC94BB5E3DA0C23C4AB41A933F__26A4750DDEE85082D5E426AC2FC0FB509DBC0E30.udd" 604
"../../../Engine/DerivedDataCache/0/5/5/TEXTURE_814DCC3DC72143F49509781513CB9855_BGRA8_D0FECEC94BB5E3DA0C23C4AB41A933F__A74983DD16C9F19298E271B929B3C0B3FE13FC9E.udd" 605
"../../../Engine/DerivedDataCache/2/2/3/TEXTURE_814DCC3DC72143F49509781513CB9855_BGRA8_D0FECEC94BB5E3DA0C23C4AB41A933F__BCC05532D8752724EDE6B77A32222320BD230C00.udd" 606
"../../../Engine/DerivedDataCache/5/1/3/TEXTURE_814DCC3DC72143F49509781513CB9855_BGRA8_C6F046E346DE53E9987E70930FC6D31__2BC58C7103301983DEFA01C3C389866FD917AABF.udd" 607
"../../../Engine/DerivedDataCache/3/3/7/TEXTURE_814DCC3DC72143F49509781513CB9855_AUTODXT_1EC0B18B47E75959952584B5D8D9E__5D32C5A80AA193E64972D68AD2859B2FE31550F2.udd" 608
"../../../Engine/DerivedDataCache/5/9/0/TEXTURE_814DCC3DC72143F49509781513CB9855_AUTODXT_3D7D3365419CADDBF5E531B12CF16__6A7B01AEE16F6689DBB96D25DC6090F9194BA503.udd" 609
"../../../Engine/DerivedDataCache/6/4/5/TEXTURE_814DCC3DC72143F49509781513CB9855_AUTODXT_3CAC1F094FB87A98E53D7D8A24643__3A85A09039B6AD8559F26F65747FEBEFBD24B5B9.udd" 610
"../../../Engine/DerivedDataCache/7/7/7/TEXTURE_814DCC3DC72143F49509781513CB9855_AUTODXT_33CBEF834D7D60ED9D58E5940B7B2__2EA21D0E0D627040AB0EE72C6A2477941EA9B804.udd" 611
"../../../Engine/DerivedDataCache/0/4/0/TEXTURE_814DCC3DC72143F49509781513CB9855_AUTODXT_CBF5B13548AB62E6A9ADA387D1FEB__6FD982ED4C711D807EA0AEC0C9C322B8B2691824.udd" 612
"../../../Engine/DerivedDataCache/5/9/6/TEXTURE_814DCC3DC72143F49509781513CB9855_AUTODXT_E38B68B34F759D23C6E5CD925E4D1__0CE220EB3D4FD3B5ACE81675281E08167F8FFB90.udd" 613
"../../../Engine/DerivedDataCache/5/7/9/TEXTURE_814DCC3DC72143F49509781513CB9855_AUTODXT_E55F8197440DD2855E7F4D9816C88__8C327CBFD9FF709EE9C0ADFE1A98D0ACA249D12C.udd" 614
"../../../Engine/DerivedDataCache/8/3/4/TEXTURE_814DCC3DC72143F49509781513CB9855_AUTODXT_A6C0C4B74D09BE1A7E2C31B7CA775__2D28A6C5912624B2DBBF3FF9FB4C97846C5B7077.udd" 615
"../../../Engine/DerivedDataCache/7/3/3/TEXTURE_814DCC3DC72143F49509781513CB9855_AUTODXT_7D98C11E41884B4A67A497A07B028__D056AE9858611F8551086C386BCEE9909E137C18.udd" 616
"../../../Engine/DerivedDataCache/1/6/8/TEXTURE_814DCC3DC72143F49509781513CB9855_AUTODXT_74A80EB64112E46096AE17A812C2E__32D9314BA780A4635F4D9438DDA2247718FB4F30.udd" 617
"../../../Engine/DerivedDataCache/6/6/0/TEXTURE_814DCC3DC72143F49509781513CB9855_AUTODXT_264ABDF14257816FFA9477A6F6A19__71DD30F5112AC1A014C28B76271EDEA08C0ADCBD.udd" 618
"../../../Engine/DerivedDataCache/5/6/4/TEXTURE_814DCC3DC72143F49509781513CB9855_AUTODXT_025102BB43BBEAC3F075788919382__415C2D27E6ACF5C574EC3FA12E7157E4BEC79018.udd" 619
"../../../Engine/DerivedDataCache/3/5/2/TEXTURE_814DCC3DC72143F49509781513CB9855_AUTODXT_C55865344733442FBAD7D29E0B657__7BFAF20CFBEEA955F1DE6DC2AC8C1905FAD1B870.udd" 620
"../../../Engine/DerivedDataCache/5/0/5/TEXTURE_814DCC3DC72143F49509781513CB9855_AUTODXT_6A6029554EC6CEDCFFC9E0836D465__9F14F5F2F7989F1688C192C169860E1967FA0529.udd" 621
"../../../Engine/DerivedDataCache/8/5/4/TEXTURE_814DCC3DC72143F49509781513CB9855_DXT1_C349D2FA2A30FC1134357D3272F2DC90__9CAE132C99390C163EA7822A81369E3926FE8834.udd" 622
"../../../Engine/DerivedDataCache/5/9/3/TEXTURE_814DCC3DC72143F49509781513CB9855_AUTODXT_09053A42486F57C671A2B9B0F6272__7081BA232D94CF58FB5C793F5EA542CA762D0E8E.udd" 623
"../../../Engine/DerivedDataCache/2/3/9/TEXTURE_814DCC3DC72143F49509781513CB9855_AUTODXT_B07BB94C4024838454154883B7876__59CB28ED8FB21C25306FDB3AEC6027252B011A56.udd" 624
"../../../Engine/DerivedDataCache/0/6/3/TEXTURE_814DCC3DC72143F49509781513CB9855_AUTODXT_584A79B6465982423406428F0D776__7E8A800BE546D16101C11CDEE1840BBEF21B464F.udd" 625
"../../../Engine/DerivedDataCache/7/7/4/TEXTURE_814DCC3DC72143F49509781513CB9855_AUTODXT_584A79B6465982423406428F0D776__61F5CC0CCE5D9CD95B83AA1CB53B0B5FE41AC847.udd" 626
"../../../Engine/DerivedDataCache/2/2/7/TEXTURE_814DCC3DC72143F49509781513CB9855_AUTODXT_F5B300EB4E4ACA2755332398BF639__9C27E141122AED618AF7EE9E2CD56DC3C49362A0.udd" 627
"../../../Engine/DerivedDataCache/6/8/3/TEXTURE_814DCC3DC72143F49509781513CB9855_AUTODXT_2C8A101D47D0C7AC5EFF01B747F21__25486F35A7A1EE39D0BCA0F22FF9298F8F66CEB0.udd" 628
"../../../Engine/DerivedDataCache/3/1/1/TEXTURE_814DCC3DC72143F49509781513CB9855_AUTODXT_2C8A101D47D0C7AC5EFF01B747F21__614A182FD2985EA1A7A5E75550916356986F8024.udd" 629
"../../../Engine/DerivedDataCache/4/3/7/TEXTURE_814DCC3DC72143F49509781513CB9855_AUTODXT_2C8A101D47D0C7AC5EFF01B747F21__6C92F9FE0F9192D1333FF4F27A28DE596ED2F6F4.udd" 630
"../../../Engine/DerivedDataCache/1/9/1/TEXTURE_814DCC3DC72143F49509781513CB9855_AUTODXT_2C8A101D47D0C7AC5EFF01B747F21__3FA1C3E1B32C93524FBAF2472B061A9912FB6CCC.udd" 631
"../../../Engine/DerivedDataCache/8/6/1/TEXTURE_814DCC3DC72143F49509781513CB9855_AUTODXT_5075C5404C9665C57F66B49F2C5D8__7BA33EC7187D56264DE83DF9D074BF06C46EB7D8.udd" 632
"../../../Engine/DerivedDataCache/3/1/0/TEXTURE_814DCC3DC72143F49509781513CB9855_AUTODXT_5075C5404C9665C57F66B49F2C5D8__23B11D0C14DC5B9C0C0D81B28ED055E07DD24DBD.udd" 633
"../../../Engine/DerivedDataCache/9/9/2/TEXTURE_814DCC3DC72143F49509781513CB9855_AUTODXT_5075C5404C9665C57F66B49F2C5D8__87E57DDE6EEE045F0A3F4444DC7E5DDBEB9DA85E.udd" 634
"../../../Engine/DerivedDataCache/6/8/5/TEXTURE_814DCC3DC72143F49509781513CB9855_AUTODXT_5075C5404C9665C57F66B49F2C5D8__8A675B9A7E86ED55344E993623F4FE067048B76B.udd" 635
"../../../Engine/DerivedDataCache/2/2/6/TEXTURE_814DCC3DC72143F49509781513CB9855_G8_1C2B54F74EBDC3C23B1A0B85D55D159C_0__2E2A404ABA0B1D38FA0F8DFA476C0ECE606A40A4.udd" 636
"../../../Engine/DerivedDataCache/4/7/9/TEXTURE_814DCC3DC72143F49509781513CB9855_BGRA8_52C2D2044F80407BBABA8CB2BA04F4F__FDB37FDECA0F67A24577A4436B3C2D9D715FD7D7.udd" 637
"../../../Engine/DerivedDataCache/2/9/2/TEXTURE_814DCC3DC72143F49509781513CB9855_BGRA8_A28EC0C4486158C85466808599E49A4__1FF86D5F10DF5DA41E6C385F79D34A8F73D47BF5.udd" 638
"../../../Engine/DerivedDataCache/4/2/1/TEXTURE_814DCC3DC72143F49509781513CB9855_AUTODXT_B1F6A23D46761DA1743FBE984F9E8__A7029B9659C79ED952199638E34300F568BEC77C.udd" 639
"../../../Engine/DerivedDataCache/5/4/9/TEXTURE_814DCC3DC72143F49509781513CB9855_BGRA8_9B0249994A9B1B14D96CD7BB7A90FB3__74A9C9C27BB25673E2C803395BE184240A57985C.udd" 640
"../../../Engine/DerivedDataCache/1/9/6/TEXTURE_814DCC3DC72143F49509781513CB9855_AUTODXT_95D01D314436990422EF30A4E4FA2__46E2AED2A81ED6B64F3964AA6EE191CA52DD1634.udd" 641
"../../../Engine/DerivedDataCache/7/0/1/TEXTURE_814DCC3DC72143F49509781513CB9855_AUTODXT_95D01D314436990422EF30A4E4FA2__9A38B2F617A79EF17C1CB578F9AD55BBF0BC16C0.udd" 642
"../../../Engine/DerivedDataCache/9/2/0/TEXTURE_814DCC3DC72143F49509781513CB9855_AUTODXT_6A00F1654C244F95E8B15E9A15BE5__B5A75B4FADFF7B7810A15EB439CFB3B72B6A4306.udd" 643
"../../../Engine/DerivedDataCache/8/1/8/TEXTURE_814DCC3DC72143F49509781513CB9855_BGRA8_300F91D746B84377794E1FA74622CC3__0CF773674540940F3B26ED33054647E44CAC1F0D.udd" 644
"../../../Engine/DerivedDataCache/4/9/8/TEXTURE_814DCC3DC72143F49509781513CB9855_BGRA8_300F91D746B84377794E1FA74622CC3__C63D40BDCBDD34BF7686F4DE7E8E3F79E3975346.udd" 645
"../../../Engine/DerivedDataCache/1/3/3/TEXTURE_814DCC3DC72143F49509781513CB9855_BGRA8_300F91D746B84377794E1FA74622CC3__51E0BAA5DE2C6204E477108FEF679A79290291B4.udd" 646
"../../../Engine/DerivedDataCache/2/1/3/TEXTURE_814DCC3DC72143F49509781513CB9855_BGRA8_300F91D746B84377794E1FA74622CC3__377AF1476D1F084F5702571C4DF930106762A4A4.udd" 647
"../../../Engine/DerivedDataCache/5/0/2/TEXTURE_814DCC3DC72143F49509781513CB9855_BGRA8_EFCCE016429008D9D6575CB3A2DF598__39BAC2122003850C17C596FDCC86C3D212DE5A4A.udd" 648
"../../../Engine/DerivedDataCache/3/8/9/TEXTURE_814DCC3DC72143F49509781513CB9855_BGRA8_EFCCE016429008D9D6575CB3A2DF598__16171D0A279E1163332B683EBEBC3BC1F3E98016.udd" 649
"../../../Engine/DerivedDataCache/5/9/6/TEXTURE_814DCC3DC72143F49509781513CB9855_BGRA8_EFCCE016429008D9D6575CB3A2DF598__77E8DEFEC5BF83A9B1B48AF3C7ACE93859F616D2.udd" 650
"../../../Engine/DerivedDataCache/9/7/6/TEXTURE_814DCC3DC72143F49509781513CB9855_BGRA8_EFCCE016429008D9D6575CB3A2DF598__C4821DF4BD82BD0E3E860F170714F74BB99AF852.udd" 651
"../../../Engine/DerivedDataCache/0/3/8/TEXTURE_814DCC3DC72143F49509781513CB9855_BGRA8_72107D3F4110EAEF3BE5D5841EFE141__EBFABFC50FA425319A0ADC765708F5FF2CC0430C.udd" 652
"../../../Engine/DerivedDataCache/5/8/4/TEXTURE_814DCC3DC72143F49509781513CB9855_BGRA8_4963A1D64E358284C2A151B90C2ACE2__0877A119ECF8D290E51A42A8C457FAB4635C4CE5.udd" 653
"../../../Engine/DerivedDataCache/0/1/7/TEXTURE_814DCC3DC72143F49509781513CB9855_BGRA8_70FBE2144E9E03B3586828844F8F9E3__AAD3CE188F72F692D5AA9967E2CA3DEDA43A777F.udd" 654
"../../../Engine/DerivedDataCache/7/4/9/TEXTURE_814DCC3DC72143F49509781513CB9855_BGRA8_8F68DA7846EE5B1FF2DDDC9433F817A__9FDFF1F38E2A447698C25ADA8828C9B7E78C264B.udd" 655
"../../../Engine/DerivedDataCache/7/6/3/TEXTURE_814DCC3DC72143F49509781513CB9855_BGRA8_D07216FC40952418CFE0E28778D79B2__89B7DC46CA82953BBE8057421208BB96E5C619A9.udd" 656
"../../../Engine/DerivedDataCache/0/5/7/TEXTURE_814DCC3DC72143F49509781513CB9855_BGRA8_0334AFB24D2E5AA9081F9BAFF9F95EE__ED95787AC12E31E95E769FBE5E7BFB4D77C53CB8.udd" 657
"../../../Engine/DerivedDataCache/6/2/6/TEXTURE_814DCC3DC72143F49509781513CB9855_BGRA8_2140CA5B4637C285519D6D91BA9973B__42CF69DB21C149F8C8271914F4141A7EA80E9870.udd" 658
"../../../Engine/DerivedDataCache/9/3/5/TEXTURE_814DCC3DC72143F49509781513CB9855_BGRA8_8A9D9D2A48FA9339997AE79343CFD87__6E53AEB85A1CEED333B46798B5D732E0DB5F7973.udd" 659
"../../../Engine/DerivedDataCache/2/5/9/TEXTURE_814DCC3DC72143F49509781513CB9855_BGRA8_4957CBA74161F467DABFBE98D2CA62A__E14509477DFD3EB2EB2DB6FA164EBF60B21B7043.udd" 660
"../../../Engine/DerivedDataCache/8/3/9/TEXTURE_814DCC3DC72143F49509781513CB9855_BGRA8_BCE8FE5741A00FEBD2B9A5B20374AA1__4410B99AB8D8E546A8817042EF75F318D48732CD.udd" 661
"../../../Engine/Content/MobileResources/HUD/T_Castle_ThumbstickOutter.uasset" 662
"../../../Engine/DerivedDataCache/8/9/1/TEXTURE_814DCC3DC72143F49509781513CB9855_BGRA8_9F5B2DF1453DB1272733529F5E95869__4EB2A0ED4F34B3CC6C624508CD3BBE64BBA526A0.udd" 663
"C:/Work/UE4PatchTest/PatchTest/Content/Geometry/Meshes/TemplateFloor.uasset" 664
"C:/Work/UE4PatchTest/PatchTest/Content/Geometry/Meshes/CubeMaterial.uasset" 665
"../../../Engine/DerivedDataCache/0/1/2/STATICMESH_46A8778361B442A9523C54440EA1E9D_8C68575CEF434CA8A9E1DA4AED8A47BB_39__D0D9F1B0869ECBFBB38CD110A6313A4CC97967D4.udd" 666
"../../../Engine/DerivedDataCache/6/4/7/PHYSX_1D9C17C451EA4FB88CB7A27536A65DB0_PHYSXPC_C52BAC014F8411498AC1BBB642BFAE9__B626A48741F88FB5B2F7D8F6B4A5C88A40F03D8F.udd" 667
"../../../Engine/DerivedDataCache/4/8/9/NAVCOLLISION_B89838347A4348138EE337A847529C5C_NAVCOLLISION_X_C52BAC014F8411498__3912D12602ACE56597F6EAE4775D2F73FB1EC15C.udd" 668
"../../../Engine/DerivedDataCache/4/3/0/MATSM_984AFA3849534FAA8491540B994BD32E_PCD3D_SM5_3__BC5N_DEV_SL_NODBUF1C10B683__CA6C378D06F498675EC62B228B7009753DB46C77.udd" 669
"../../../Engine/Content/MobileResources/HUD/MobileHUDButton3.uasset" 670
"../../../Engine/Content/MobileResources/HUD/AnalogHat.uasset" 671
"C:/Work/UE4PatchTest/PatchTest/Content/Geometry/Meshes/1M_Cube_Chamfer.uasset" 672
"../../../Engine/DerivedDataCache/3/1/1/STATICMESH_46A8778361B442A9523C54440EA1E9D_8C68575CEF434CA8A9E1DA4AED8A47BB_EC__81B316288C74A1C032F827E2E46F34938359C68A.udd" 673
"../../../Engine/DerivedDataCache/5/5/5/PHYSX_1D9C17C451EA4FB88CB7A27536A65DB0_PHYSXPC_DAD7A4FF4BE2DD62A59985A73A24E69__13A1665530CC766DC054CB7EB53E5E577A31132C.udd" 674
"../../../Engine/DerivedDataCache/2/3/1/NAVCOLLISION_B89838347A4348138EE337A847529C5C_NAVCOLLISION_X_DAD7A4FF4BE2DD62A__D90996374726EF1D6917FFE74B0DB328ACEA66B6.udd" 675
"C:/Work/UE4PatchTest/PatchTest/Content/Geometry/Meshes/1M_Cube.uasset" 676
"../../../Engine/DerivedDataCache/8/3/3/STATICMESH_46A8778361B442A9523C54440EA1E9D_8C68575CEF434CA8A9E1DA4AED8A47BB_8F__FD93DB66786843C43455E07C0047B60A0AFA33F2.udd" 677
"../../../Engine/DerivedDataCache/7/2/5/PHYSX_1D9C17C451EA4FB88CB7A27536A65DB0_PHYSXPC_FFE5BEDB41C40A2C044126858EE0FDE__714C0078C7860EC073814244A83FF8E787F879D0.udd" 678
"../../../Engine/DerivedDataCache/0/5/6/NAVCOLLISION_B89838347A4348138EE337A847529C5C_NAVCOLLISION_X_FFE5BEDB41C40A2C0__09FE23ADD471C17E438AA5BAB87AD783E6FEA721.udd" 679
"C:/Work/UE4PatchTest/PatchTest/Content/Blueprints/CubeBP.uasset" 680
"../../../Engine/Content/MobileResources/HUD/VirtualJoystick_Background.uasset" 681
"../../../Engine/DerivedDataCache/5/4/8/TEXTURE_814DCC3DC72143F49509781513CB9855_BGRA8_BD2910D742B4B4778E3374B97767851__F910B2E0445BFA5900D0CD3EC9C80B5608789FD4.udd" 682
"../../../Engine/Content/MobileResources/HUD/MobileHUDDirectionPad.uasset" 683
"../../../Engine/DerivedDataCache/1/6/7/TEXTURE_814DCC3DC72143F49509781513CB9855_BC5_9D79806F4FC0A8F037E5F6AFD2EE46E8___16038ABA287E49944BE289986A4BB06926AA464A.udd" 684
"../../../Engine/DerivedDataCache/8/8/6/TEXTURE_814DCC3DC72143F49509781513CB9855_BC5_9D79806F4FC0A8F037E5F6AFD2EE46E8___22817D37760A7F9C8F40F845F65CB9EC772EBB0F.udd" 685
"../../../Engine/DerivedDataCache/3/8/7/TEXTURE_814DCC3DC72143F49509781513CB9855_BC5_9D79806F4FC0A8F037E5F6AFD2EE46E8___F709916AAEE2E75162D4B5C090FCD68C14DACFED.udd" 686
"../../../Engine/DerivedDataCache/8/5/0/TEXTURE_814DCC3DC72143F49509781513CB9855_BC5_9D79806F4FC0A8F037E5F6AFD2EE46E8___4F34334FA6A9D9F791DB345AD97BBCBD69A1192B.udd" 687
"../../../Engine/DerivedDataCache/8/7/6/TEXTURE_814DCC3DC72143F49509781513CB9855_AUTODXT_61D4116B408DFE01F0FBC5BADDBF9__FDAA3170098B048449846019EFEB988CEA06CACA.udd" 688
"../../../Engine/DerivedDataCache/8/0/9/TEXTURE_814DCC3DC72143F49509781513CB9855_AUTODXT_61D4116B408DFE01F0FBC5BADDBF9__5D70F94CB9D83852F0AE6EE0873DFF28D6949F86.udd" 689
"../../../Engine/DerivedDataCache/6/1/8/TEXTURE_814DCC3DC72143F49509781513CB9855_AUTODXT_61D4116B408DFE01F0FBC5BADDBF9__7485BE1B9DF8E42EAD1D02188A52B5704F3C0844.udd" 690
"../../../Engine/DerivedDataCache/3/6/0/TEXTURE_814DCC3DC72143F49509781513CB9855_AUTODXT_61D4116B408DFE01F0FBC5BADDBF9__399F1C11093CEB342DE2136456F228CB1F2A60A0.udd" 691
"../../../Engine/DerivedDataCache/1/6/6/TEXTURE_814DCC3DC72143F49509781513CB9855_AUTODXT_61D4116B408DFE01F0FBC5BADDBF9__62C039E6D1B4ABA7D20905FC641DA9AF4A3760A1.udd" 692
"C:/Work/UE4PatchTest/PatchTest/Content/Mannequin/Character/Mesh/SK_Mannequin_Mobile_Skeleton.uasset" 693
"C:/Work/UE4PatchTest/PatchTest/Content/Mannequin/Character/Mesh/SK_Mannequin_Mobile_PhysicsAsset.uasset" 694
"C:/Work/UE4PatchTest/PatchTest/Content/Mannequin/Character/Mesh/SK_Mannequin_Mobile.uasset" 695
"../../../Engine/DerivedDataCache/5/0/3/TEXTURE_814DCC3DC72143F49509781513CB9855_BC5_00407E944EC282B0994D6B97B8C8B756___482258610AECDDE66EF1AAF93C1FF7107EC620EB.udd" 696
"../../../Engine/DerivedDataCache/3/4/2/TEXTURE_814DCC3DC72143F49509781513CB9855_BC5_00407E944EC282B0994D6B97B8C8B756___AAFAEF02E5B59A18E72F2BF30A16E6555DBDB288.udd" 697
"../../../Engine/DerivedDataCache/3/4/3/TEXTURE_814DCC3DC72143F49509781513CB9855_BC5_00407E944EC282B0994D6B97B8C8B756___A50830D0CE8C354420EB625E19B1651DD7CD704E.udd" 698
"../../../Engine/DerivedDataCache/9/8/4/TEXTURE_814DCC3DC72143F49509781513CB9855_BC5_00407E944EC282B0994D6B97B8C8B756___66C03E0F475088CCDB0044401D75A0C95987E2C4.udd" 699
"../../../Engine/DerivedDataCache/0/7/3/TEXTURE_814DCC3DC72143F49509781513CB9855_AUTODXT_49EBE4F9430B027F3639729C4CE02__6569745CA631A9E5DFDCBA9FC53A8671E25127CD.udd" 700
"../../../Engine/DerivedDataCache/1/8/0/TEXTURE_814DCC3DC72143F49509781513CB9855_AUTODXT_49EBE4F9430B027F3639729C4CE02__4EE83C895828B45CA36D4968CBC323543A9A22B2.udd" 701
"../../../Engine/DerivedDataCache/1/2/7/TEXTURE_814DCC3DC72143F49509781513CB9855_AUTODXT_49EBE4F9430B027F3639729C4CE02__349CA13B15B01E106858DDDD0E3E3396DA218D6D.udd" 702
"../../../Engine/DerivedDataCache/1/7/5/TEXTURE_814DCC3DC72143F49509781513CB9855_AUTODXT_49EBE4F9430B027F3639729C4CE02__AC9285A4DAFDC0716DEF13130A9B06B3FE11A1AD.udd" 703
"C:/Work/UE4PatchTest/PatchTest/Content/Mannequin/Animations/ThirdPerson_Jump.uasset" 704
"../../../Engine/Content/MobileResources/HUD/T_Castle_ThumbstickInner.uasset" 705
"../../../Engine/DerivedDataCache/7/0/6/TEXTURE_814DCC3DC72143F49509781513CB9855_BGRA8_A4535AA24BB699361857049E2A844B2__33DC436FC8699D1B1039C88C7BD1A5C66D1E258A.udd" 706
"../../../Engine/Content/MobileResources/HUD/MobileHUDDirectionPad2.uasset" 707
"../../../Engine/Content/MobileResources/HUD/MobileHUDDirectionStick.uasset" 708
"../../../Engine/Content/MobileResources/HUD/LeftVirtualJoystickOnly.uasset" 709
"../../../Engine/Content/MobileResources/HUD/DefaultVirtualJoysticks.uasset" 710
"../../../Engine/Content/MobileResources/T_MobileMenu2.uasset" 711
"../../../Engine/Content/MobileResources/HUD/MobileHUDDirectionPad3.uasset" 712
"../../../Engine/Content/MobileResources/HUD/MobileHUDButton2_off.uasset" 713
"../../../Engine/Content/MobileResources/HUD/MobileHUDButton2_on.uasset" 714
"../../../Engine/DerivedDataCache/7/5/9/TEXTURE_814DCC3DC72143F49509781513CB9855_BC5_1A18AA4543FB97A88BCD41B78D060DC7___8885B4A8363A43C18455A1C9AC6E5CEB0D0B002D.udd" 715
"../../../Engine/DerivedDataCache/2/7/9/TEXTURE_814DCC3DC72143F49509781513CB9855_BC5_1A18AA4543FB97A88BCD41B78D060DC7___A0B4C0179F943EF45DAEED7B7732F07D592F6138.udd" 716
"../../../Engine/DerivedDataCache/5/3/5/TEXTURE_814DCC3DC72143F49509781513CB9855_BC5_1A18AA4543FB97A88BCD41B78D060DC7___2863DEF87FAAC6D619CAD0EFF5C686D2493815DE.udd" 717
"../../../Engine/DerivedDataCache/8/2/7/TEXTURE_814DCC3DC72143F49509781513CB9855_BC5_1A18AA4543FB97A88BCD41B78D060DC7___76D04464542A99D258A8500EC82B626E8C5D89A1.udd" 718
"../../../Engine/DerivedDataCache/6/5/5/TEXTURE_814DCC3DC72143F49509781513CB9855_BC5_1A18AA4543FB97A88BCD41B78D060DC7___C4F20B27EB156C8ADFAF48E14878F78BC30BFB0B.udd" 719
"../../../Engine/DerivedDataCache/3/7/1/TEXTURE_814DCC3DC72143F49509781513CB9855_AUTODXT_4CDC53EF42A6351C8B8A698CB48A1__DCADA3C59E9C2EC1927F3AB2D6EB871F8029A30C.udd" 720
"../../../Engine/DerivedDataCache/0/4/2/TEXTURE_814DCC3DC72143F49509781513CB9855_AUTODXT_4CDC53EF42A6351C8B8A698CB48A1__5BFCD38D8A2F8CF93D7B10A63F94348DF3D0A9EB.udd" 721
"../../../Engine/DerivedDataCache/7/7/2/TEXTURE_814DCC3DC72143F49509781513CB9855_AUTODXT_4CDC53EF42A6351C8B8A698CB48A1__BF66D88A47F90327225A5EB1D8E332CB3E8FC560.udd" 722
"../../../Engine/DerivedDataCache/9/7/6/TEXTURE_814DCC3DC72143F49509781513CB9855_AUTODXT_4CDC53EF42A6351C8B8A698CB48A1__FBC74B6D469B6F311F703C5B66C29EBE542709B5.udd" 723
"C:/Work/UE4PatchTest/PatchTest/Content/Mannequin/Character/Mesh/SK_Mannequin_PhysicsAsset.uasset" 724
"../../../Engine/DerivedDataCache/6/8/3/TEXTURE_814DCC3DC72143F49509781513CB9855_BC5_E234ECCF4EE12B48132643BB4BD6708B___A3011165E942345CDFB2342BCFA915358B3CA4A7.udd" 725
"../../../Engine/DerivedDataCache/7/4/3/TEXTURE_814DCC3DC72143F49509781513CB9855_BC5_E234ECCF4EE12B48132643BB4BD6708B___601A9150E1E5B35FD875A5FFC48472B13FDA7418.udd" 726
"../../../Engine/DerivedDataCache/2/6/8/TEXTURE_814DCC3DC72143F49509781513CB9855_BC5_E234ECCF4EE12B48132643BB4BD6708B___F2F8AE28A39D76EAA3248649DED853304D11D631.udd" 727
"../../../Engine/DerivedDataCache/7/2/8/TEXTURE_814DCC3DC72143F49509781513CB9855_BC5_E234ECCF4EE12B48132643BB4BD6708B___10D83A51A494FFBD9C95C600596604E3038B4B33.udd" 728
"../../../Engine/Content/MobileResources/HUD/MobileHUDButton1_on.uasset" 729
"C:/Work/UE4PatchTest/PatchTest/Content/TopDownCPP/TopDownOverview.uasset" 730
"../../../Engine/DerivedDataCache/4/1/9/TEXTURE_814DCC3DC72143F49509781513CB9855_AUTODXT_D713535A4663957825B9E69ECDFC9__4BA521131420BDD3375246B795DAA617CF68E181.udd" 731
"../../../Engine/DerivedDataCache/0/6/6/TEXTURE_814DCC3DC72143F49509781513CB9855_AUTODXT_D713535A4663957825B9E69ECDFC9__168904DA422F0162CDD7EFA3713BED863C8E7AE1.udd" 732
"../../../Engine/DerivedDataCache/9/8/1/TEXTURE_814DCC3DC72143F49509781513CB9855_AUTODXT_D713535A4663957825B9E69ECDFC9__B042EB2BC672B2320AE815252C7D7508A0A1DC12.udd" 733
"../../../Engine/DerivedDataCache/2/7/3/TEXTURE_814DCC3DC72143F49509781513CB9855_AUTODXT_D713535A4663957825B9E69ECDFC9__606C0D16DEB837B1E794E8B1287DAAFDF3BD3624.udd" 734
"../../../Engine/Content/Maps/Entry.umap" 735
"../../../Engine/Content/EngineMaterials/DefaultNormal.uasset" 736
"../../../Engine/DerivedDataCache/4/5/2/PHYSX_1D9C17C451EA4FB88CB7A27536A65DB0_PHYSXPC_0AAFF40B4FAB7203B4020BAE163CCAEB__1_0_13123_0.udd" 737
"../../../Engine/DerivedDataCache/9/7/3/PHYSX_1D9C17C451EA4FB88CB7A27536A65DB0_PHYSXPC_4A50E68449DA60D60F453A96AE02A9EF__1_0_13123_0.udd" 738
"../../../Engine/DerivedDataCache/3/8/7/PHYSX_1D9C17C451EA4FB88CB7A27536A65DB0_PHYSXPC_F6B1D2D0417118DA60DDC7A62F5BCB81__1_0_13123_0.udd" 739
"../../../Engine/DerivedDataCache/3/2/2/PHYSX_1D9C17C451EA4FB88CB7A27536A65DB0_PHYSXPC_8FA5EBB1423C9BE31CF6A9B803421839__1_0_13123_0.udd" 740
"../../../Engine/DerivedDataCache/7/1/1/TEXTURE_814DCC3DC72143F49509781513CB9855_BC5_122003924E39A572EF68B5BAC8A94B51___9FBDDF4EB276B8BA831B407333B50058434512F0.udd" 741
"../../../Engine/DerivedDataCache/0/3/8/TEXTURE_814DCC3DC72143F49509781513CB9855_BC5_122003924E39A572EF68B5BAC8A94B51___037856683106E4241EAD8BEE93431A83B08125FA.udd" 742
"../../../Engine/DerivedDataCache/0/0/0/TEXTURE_814DCC3DC72143F49509781513CB9855_BC5_122003924E39A572EF68B5BAC8A94B51___38C5FF9F221EECA031284DB671BE97419303D3FF.udd" 743
"../../../Engine/DerivedDataCache/8/3/2/TEXTURE_814DCC3DC72143F49509781513CB9855_BC5_122003924E39A572EF68B5BAC8A94B51___583274C5548641E4D316B5211CA80ED9EBB46352.udd" 744
"../../../Engine/DerivedDataCache/6/6/3/TEXTURE_814DCC3DC72143F49509781513CB9855_BC5_122003924E39A572EF68B5BAC8A94B51___3D141379DF2D9F7B91E53461EF61C5C490A5CA9E.udd" 745
"C:/Work/UE4PatchTest/PatchTest/Content/TopDownCPP/Maps/TopDownExampleMap.umap" 746
"../../../Engine/Content/EngineSky/BP_Sky_Sphere.uasset" 747
"../../../Engine/Content/EngineSky/C_Sky_Cloud_Color.uasset" 748
"../../../Engine/Content/EngineSky/C_Sky_Horizon_Color.uasset" 749
"../../../Engine/Content/EngineSky/C_Sky_Zenith_Color.uasset" 750
"../../../Engine/Content/EngineSky/M_Sky_Panning_Clouds2.uasset" 751
"../../../Engine/Content/EngineSky/T_Sky_Blue.uasset" 752
"../../../Engine/Content/EngineSky/T_Sky_Clouds_M.uasset" 753
"../../../Engine/Content/EngineSky/T_Sky_Stars.uasset" 754
"../../../Engine/Content/EngineSky/SM_SkySphere.uasset" 755
"../../../Engine/Content/EngineMaterials/AntiAliasedTextMaterialTranslucent.uasset" 756
"../../../Engine/Content/Functions/Engine_MaterialFunctions03/Procedurals/ComputeFilterWidth.uasset" 757
"../../../Engine/DerivedDataCache/3/7/9/STATICMESH_46A8778361B442A9523C54440EA1E9D_8C68575CEF434CA8A9E1DA4AED8A47BB_33__C39723F3102A242FA72196E9DC6854B4FFFF3F21.udd" 758
"../../../Engine/DerivedDataCache/4/2/4/NAVCOLLISION_B89838347A4348138EE337A847529C5C_NAVCOLLISION_X_4AD4ABB94F54AE737__E0B8FA6992DDD675F35BB3056DAF33A813DC104E.udd" 759
"../../../Engine/DerivedDataCache/6/2/1/PHYSX_1D9C17C451EA4FB88CB7A27536A65DB0_PHYSXPC_AED25D0A466BD2E6F30872980FFE7028__1_0_13123_0.udd" 760
"../../../Engine/DerivedDataCache/5/6/6/PHYSX_1D9C17C451EA4FB88CB7A27536A65DB0_PHYSXPC_A2F643CB4C1C85D3E0ED558D9529A50C__1_0_13123_0.udd" 761
"../../../Engine/DerivedDataCache/2/4/8/PHYSX_1D9C17C451EA4FB88CB7A27536A65DB0_PHYSXPC_AEDA56E84CD413A13B44BC9FB3212677__1_0_13123_0.udd" 762
"../../../Engine/DerivedDataCache/4/6/5/MATSM_984AFA3849534FAA8491540B994BD32E_PCD3D_SM5_3__BC5N_DEV_SL_NODBUFBA33F650__16EB64DA12062E9B63F03A8FE1483B3EC1A745CC.udd" 763
"../../../Engine/DerivedDataCache/1/8/9/REFL_ENC_96DFC022836B48889143E9DF484C3296_7EBDA5A54A308E920C44C48DBA16884A.udd" 764
"../../../Engine/DerivedDataCache/0/3/6/MATSM_984AFA3849534FAA8491540B994BD32E_PCD3D_SM5_3__BC5N_DEV_SL_NODBUF0D658784__9FFD632C73670E0E3F336A14AD1CDCE52C67748D.udd" 765
"../../../Engine/DerivedDataCache/3/4/7/TEXTURE_814DCC3DC72143F49509781513CB9855_AUTODXT_28921FEC48F4E8361B17788405A49__987C78AB5E3221309D2651D278DCFE2C678DA402.udd" 766
"../../../Engine/DerivedDataCache/1/3/6/TEXTURE_814DCC3DC72143F49509781513CB9855_AUTODXT_34FD994F40BB70C0ABC61E9EEC1E2__725A9E056FFE415A2BAE946439458E8346949C30.udd" 767
"../../../Engine/DerivedDataCache/0/9/3/TEXTURE_814DCC3DC72143F49509781513CB9855_AUTODXT_82E402364278E049DA6D199C22A50__AA11BF37DEC997148694FCC38EE29276CAF3030B.udd" 768
"../../../Engine/DerivedDataCache/5/9/9/TEXTURE_814DCC3DC72143F49509781513CB9855_AUTODXT_28921FEC48F4E8361B17788405A49__87F0086132E0ACB73A89D05BDEB9EE3B28AA6EC0.udd" 769
"../../../Engine/DerivedDataCache/8/0/0/TEXTURE_814DCC3DC72143F49509781513CB9855_AUTODXT_82E402364278E049DA6D199C22A50__D5E897B149D7704E2B0B566604D4F8590BE9AD9C.udd" 770
"../../../Engine/DerivedDataCache/2/6/0/TEXTURE_814DCC3DC72143F49509781513CB9855_AUTODXT_34FD994F40BB70C0ABC61E9EEC1E2__51AFEF7B7889BA5E4F474F6EE67062883B15F980.udd" 771
"../../../Engine/DerivedDataCache/4/4/3/TEXTURE_814DCC3DC72143F49509781513CB9855_AUTODXT_28921FEC48F4E8361B17788405A49__4D23D19E5E7C5F87945847B5822B601BB62314C2.udd" 772
"../../../Engine/DerivedDataCache/9/6/5/TEXTURE_814DCC3DC72143F49509781513CB9855_AUTODXT_34FD994F40BB70C0ABC61E9EEC1E2__241E94D090045715C0B11F30CC8245BEA0D2FE28.udd" 773
"../../../Engine/DerivedDataCache/1/6/9/TEXTURE_814DCC3DC72143F49509781513CB9855_AUTODXT_82E402364278E049DA6D199C22A50__BECA5D8B9C4C34DB10AEEA0EDCE951445C080DE7.udd" 774
"../../../Engine/DerivedDataCache/6/4/2/TEXTURE_814DCC3DC72143F49509781513CB9855_AUTODXT_82E402364278E049DA6D199C22A50__5B3C930C323516926ABD87EAC5DD7995921F246C.udd" 775
"../../../Engine/DerivedDataCache/2/3/7/TEXTURE_814DCC3DC72143F49509781513CB9855_AUTODXT_28921FEC48F4E8361B17788405A49__7F2C1C4D6EE54AE02A3155B9E84D34DF9F24F847.udd" 776
"../../../Engine/DerivedDataCache/0/1/3/TEXTURE_814DCC3DC72143F49509781513CB9855_AUTODXT_5FEA8EA8414E0BF4C939F197B9886__019C313B648D7852CFA9183D634013977D2DECB7.udd" 777
"../../../Engine/DerivedDataCache/7/6/3/TEXTURE_814DCC3DC72143F49509781513CB9855_AUTODXT_35CBF5D148AF846C08F91A92E8F0B__42387669E5243FAA87C73D6EE396C57B053CF88A.udd" 778
"../../../Engine/DerivedDataCache/5/1/9/TEXTURE_814DCC3DC72143F49509781513CB9855_AUTODXT_34FD994F40BB70C0ABC61E9EEC1E2__5F7E106C44EBBB8C0088E3309B1897A41E376A24.udd" 779
"../../../Engine/DerivedDataCache/3/0/8/TEXTURE_814DCC3DC72143F49509781513CB9855_AUTODXT_0E9353354726DA79D15806B296C80__6BA33707C3969E69F3F80FB57DFCBFA85C05C565.udd" 780
"../../../Engine/DerivedDataCache/9/8/0/TEXTURE_814DCC3DC72143F49509781513CB9855_DXT1_20F059C8410D06CFEDEB78B772032C9D__50C502E10DF7DEA8B742F5B3E7D3388AB3E421B7.udd" 781
"../../../Engine/DerivedDataCache/5/0/0/TEXTURE_814DCC3DC72143F49509781513CB9855_DXT1_20F059C8410D06CFEDEB78B772032C9D__7DE5A5F7B5592BDB555803911B1BD7820B6523AD.udd" 782
"../../../Engine/DerivedDataCache/1/2/3/TEXTURE_814DCC3DC72143F49509781513CB9855_DXT1_20F059C8410D06CFEDEB78B772032C9D__023E66EE16E3620EE93F7DE8D14A18B1079EB761.udd" 783
"../../../Engine/DerivedDataCache/2/6/2/TEXTURE_814DCC3DC72143F49509781513CB9855_DXT1_20F059C8410D06CFEDEB78B772032C9D__09AAEC97A046D0759FDE49289B3CFE8305EA6491.udd" 784
"../../../Engine/DerivedDataCache/9/1/6/TEXTURE_814DCC3DC72143F49509781513CB9855_DXT1_8B3B68E64E900816407710A8F14E5677__E27D9E49660EA73673084F447FC98DB1C19418C1.udd" 785
"../../../Engine/DerivedDataCache/8/6/7/TEXTURE_814DCC3DC72143F49509781513CB9855_DXT1_8B3B68E64E900816407710A8F14E5677__A94B6AE731040997B797187265F960CAA8E9339C.udd" 786
"../../../Engine/DerivedDataCache/0/2/4/TEXTURE_814DCC3DC72143F49509781513CB9855_DXT1_8B3B68E64E900816407710A8F14E5677__1328B012D041369015CE0AE37EE6E8EC9AD82E03.udd" 787
"../../../Engine/DerivedDataCache/9/8/8/TEXTURE_814DCC3DC72143F49509781513CB9855_DXT1_8B3B68E64E900816407710A8F14E5677__F2C6D6077E7F8C791A4542A55472D40FA7BFDC89.udd" 788
"../../../Engine/DerivedDataCache/7/9/1/TEXTURE_814DCC3DC72143F49509781513CB9855_DXT1_D6F71543436A073F07B50380CF0BCA85__893DA54F2CDDCFB88497F9C127A957BADC9D6700.udd" 789
"../../../Engine/DerivedDataCache/3/8/9/TEXTURE_814DCC3DC72143F49509781513CB9855_DXT1_D6F71543436A073F07B50380CF0BCA85__8FAF5EDB718D392FC53273DCEE304E954F20C9C0.udd" 790
"../../../Engine/DerivedDataCache/7/6/3/TEXTURE_814DCC3DC72143F49509781513CB9855_DXT1_D6F71543436A073F07B50380CF0BCA85__40AC268B02A5A7BE28894BBA0932BE4683E9F4E4.udd" 791
"../../../Engine/DerivedDataCache/3/4/9/TEXTURE_814DCC3DC72143F49509781513CB9855_DXT1_D6F71543436A073F07B50380CF0BCA85__AF568855E6B258D461DC4A86BA89DACDE9892760.udd" 792
"../../../Engine/DerivedDataCache/5/4/2/TEXTURE_814DCC3DC72143F49509781513CB9855_DXT1_547D027B4B2739E2939ADEA94792DCFB__F03FB43F9E16B10F926BF661A12155804F3106AC.udd" 793
"../../../Engine/DerivedDataCache/1/3/7/TEXTURE_814DCC3DC72143F49509781513CB9855_AUTODXT_35CBF5D148AF846C08F91A92E8F0B__697C98FB13E02D979BBE58D048955726CED5BAEE.udd" 794
"../../../Engine/DerivedDataCache/5/5/1/TEXTURE_814DCC3DC72143F49509781513CB9855_DXT1_547D027B4B2739E2939ADEA94792DCFB__53027D6F4AB924F6FD6DBDF0E32019FEDFE6E08B.udd" 795
"../../../Engine/DerivedDataCache/8/5/5/TEXTURE_814DCC3DC72143F49509781513CB9855_DXT1_547D027B4B2739E2939ADEA94792DCFB__900BEB4A3386686175C5B00273330598C34D908A.udd" 796
"../../../Engine/DerivedDataCache/6/8/3/TEXTURE_814DCC3DC72143F49509781513CB9855_DXT1_547D027B4B2739E2939ADEA94792DCFB__CDE18A8771B8F303B84242BAED0BD20E3EAC4DEA.udd" 797
"../../../Engine/DerivedDataCache/1/3/8/TEXTURE_814DCC3DC72143F49509781513CB9855_DXT1_AB3CE138435085FB1FB1618B8016C82F__9F556F51C39AE54E3B7F88A26BA074BD7A2A091D.udd" 798
"../../../Engine/DerivedDataCache/4/6/1/TEXTURE_814DCC3DC72143F49509781513CB9855_DXT1_9D14D23D483F4228EA2044B430BE3F83__9386E75D7541B403E15CAB999EAF2F912666098A.udd" 799
"../../../Engine/DerivedDataCache/8/1/9/TEXTURE_814DCC3DC72143F49509781513CB9855_DXT1_9D14D23D483F4228EA2044B430BE3F83__BCA6B0D86F36629080BD2B6F9BC1301B1A89142E.udd" 800
"../../../Engine/DerivedDataCache/7/4/3/TEXTURE_814DCC3DC72143F49509781513CB9855_DXT1_9D14D23D483F4228EA2044B430BE3F83__D844ED5423586E03C0E455B08A2A84B51F5520DE.udd" 801
"../../../Engine/DerivedDataCache/0/2/5/TEXTURE_814DCC3DC72143F49509781513CB9855_DXT1_9D14D23D483F4228EA2044B430BE3F83__E7A1BA5EE72A92BD2874A2332DA63B17D2B44902.udd" 802
"../../../Engine/DerivedDataCache/4/4/6/TEXTURE_814DCC3DC72143F49509781513CB9855_DXT1_9D14D23D483F4228EA2044B430BE3F83__E784EEC85B9805FB931DBF337566757CDFFAD53E.udd" 803
"../../../Engine/DerivedDataCache/2/2/1/TEXTURE_814DCC3DC72143F49509781513CB9855_DXT1_9D14D23D483F4228EA2044B430BE3F83__64CD028947130F896259170BC755E99D6DF55FC4.udd" 804
"../../../Engine/DerivedDataCache/8/7/1/TEXTURE_814DCC3DC72143F49509781513CB9855_G8_D10AC3B14301A4CFA8F8E4831AA0C5E6_0__F7E281A3A5A373B93641C5D966D1D759D49733A5.udd" 805
"../../../Engine/DerivedDataCache/7/3/4/TEXTURE_814DCC3DC72143F49509781513CB9855_AUTODXT_0E9353354726DA79D15806B296C80__59A78355BE1DC0A8E41713D1D484C68109B2675E.udd" 806
"../../../Engine/DerivedDataCache/0/0/8/TEXTURE_814DCC3DC72143F49509781513CB9855_AUTODXT_35CBF5D148AF846C08F91A92E8F0B__DBC8B29171722F9748F46A78403D1676AD73180E.udd" 807
"../../../Engine/DerivedDataCache/2/8/7/TEXTURE_814DCC3DC72143F49509781513CB9855_G8_A1A9C4A94E007174978F398A345ED652_0__885FB7AF9593696C6D119417006E3F8DDD52E7BF.udd" 808
"../../../Engine/DerivedDataCache/9/0/0/TEXTURE_814DCC3DC72143F49509781513CB9855_G8_A1A9C4A94E007174978F398A345ED652_0__F1A0BE3001B2A5215C5ACDA8E72B0BBD8E1BDA6C.udd" 809
"../../../Engine/DerivedDataCache/1/9/8/TEXTURE_814DCC3DC72143F49509781513CB9855_AUTODXT_35CBF5D148AF846C08F91A92E8F0B__E31C8163A4BD802D691441F19CEBC9FC541D5C5B.udd" 810
"../../../Engine/DerivedDataCache/6/4/4/TEXTURE_814DCC3DC72143F49509781513CB9855_G8_98DE92A84AB93B3A18A605B7A878B89C_0__D0BDF9886BC2BFF96A0B113CF270D1A034BE057B.udd" 811
"../../../Engine/DerivedDataCache/8/9/2/TEXTURE_814DCC3DC72143F49509781513CB9855_G8_98DE92A84AB93B3A18A605B7A878B89C_0__47C89B559ED0663B4C25D736871EA3CA619AB61A.udd" 812
"../../../Engine/DerivedDataCache/8/5/7/TEXTURE_814DCC3DC72143F49509781513CB9855_G8_A1A9C4A94E007174978F398A345ED652_0__EA4386F41799F137F6DCC49FF6CED7390CA931B0.udd" 813
"../../../Engine/DerivedDataCache/9/0/1/TEXTURE_814DCC3DC72143F49509781513CB9855_G8_98DE92A84AB93B3A18A605B7A878B89C_0__DA331F51AD06F92AD89F54FF1B9CE2B0667E4B3D.udd" 814
"../../../Engine/DerivedDataCache/5/7/2/TEXTURE_814DCC3DC72143F49509781513CB9855_G8_A1A9C4A94E007174978F398A345ED652_0__5E0A16CF1AE07217EB523E07D6545ED5FCC14D79.udd" 815
"../../../Engine/DerivedDataCache/9/4/5/TEXTURE_814DCC3DC72143F49509781513CB9855_G8_98DE92A84AB93B3A18A605B7A878B89C_0__5C95199D7D14B738DCE763A7AC86F327AF17F4E6.udd" 816
"../../../Engine/DerivedDataCache/9/0/4/TEXTURE_814DCC3DC72143F49509781513CB9855_G8_A1A9C4A94E007174978F398A345ED652_0__138C3CEBA4FBF28A4E2840BAC119EBF7835C7760.udd" 817
"../../../Engine/DerivedDataCache/9/8/5/TEXTURE_814DCC3DC72143F49509781513CB9855_G8_D7C333314E194690D6B9F6941DF2E781_0__D88DC7B97E5CD59CD775711E24D46C3DCAFEDBC1.udd" 818
"../../../Engine/DerivedDataCache/7/7/7/TEXTURE_814DCC3DC72143F49509781513CB9855_G8_A1A9C4A94E007174978F398A345ED652_0__BC84D51C1ED82FE2F55C174BBB6D5861CDB4C6A5.udd" 819
"../../../Engine/DerivedDataCache/6/5/6/TEXTURE_814DCC3DC72143F49509781513CB9855_G8_D7C333314E194690D6B9F6941DF2E781_0__3D8E65AC396BAA3BBB745EFBEE937CA51E5456CF.udd" 820
"../../../Engine/DerivedDataCache/2/2/5/TEXTURE_814DCC3DC72143F49509781513CB9855_G8_C431216D496F357DF77F0D979507C90C_0__91049987D667176210F9C6D584F105A71180D804.udd" 821
"../../../Engine/DerivedDataCache/5/3/0/TEXTURE_814DCC3DC72143F49509781513CB9855_G8_D7C333314E194690D6B9F6941DF2E781_0__E5EB4561BD1D01875B1D1097EB104325348BDC17.udd" 822
"../../../Engine/DerivedDataCache/2/0/7/TEXTURE_814DCC3DC72143F49509781513CB9855_G8_C431216D496F357DF77F0D979507C90C_0__404D43E6DE0A14539F6C1A4D2A8306A1CA9EAA19.udd" 823
"../../../Engine/DerivedDataCache/6/5/6/TEXTURE_814DCC3DC72143F49509781513CB9855_G8_D7C333314E194690D6B9F6941DF2E781_0__6E348E07144CF7E661BCE949F645B1B2B39E1AC3.udd" 824
"../../../Engine/DerivedDataCache/0/9/6/TEXTURE_814DCC3DC72143F49509781513CB9855_G8_C206F3E94820B32CDA47509AD445D1F9_0__83A0B7FA01CE5C7B80AED9B5BA7552B828329147.udd" 825
"../../../Engine/DerivedDataCache/3/1/0/TEXTURE_814DCC3DC72143F49509781513CB9855_G8_C431216D496F357DF77F0D979507C90C_0__8E88EEC6DCBE498D841C4D3A09B2372EDAB3AFC0.udd" 826
"../../../Engine/DerivedDataCache/1/2/6/TEXTURE_814DCC3DC72143F49509781513CB9855_G8_C206F3E94820B32CDA47509AD445D1F9_0__C7363BC294561BB491351C55B496E0D7FC9F4A64.udd" 827
"../../../Engine/DerivedDataCache/5/0/7/TEXTURE_814DCC3DC72143F49509781513CB9855_G8_C431216D496F357DF77F0D979507C90C_0__BD120D61A547A8A0505317B8A90E0B9540CC1EA5.udd" 828
"../../../Engine/DerivedDataCache/7/4/6/TEXTURE_814DCC3DC72143F49509781513CB9855_AUTODXT_F3AE0D0B4D9FAC4D717BA1BA9C9F2__5F5E0F531803A18CBC7EC1206E0E3E3142B95F52.udd" 829
"../../../Engine/DerivedDataCache/2/2/4/TEXTURE_814DCC3DC72143F49509781513CB9855_G8_C206F3E94820B32CDA47509AD445D1F9_0__4419FD19B6129A7A45711A9CEC4B7342B4017B10.udd" 830
"../../../Engine/DerivedDataCache/8/0/8/TEXTURE_814DCC3DC72143F49509781513CB9855_G8_C206F3E94820B32CDA47509AD445D1F9_0__8F163CB9A6E885FAD1B064F950B6B808DC1C0FD6.udd" 831
"../../../Engine/DerivedDataCache/3/8/8/TEXTURE_814DCC3DC72143F49509781513CB9855_AUTODXT_133BD5DA4D579D1601D69ABEC1C5D__7B8D14668944F9CF3643968F1B5D58B152563870.udd" 832
"../../../Engine/DerivedDataCache/3/4/7/TEXTURE_814DCC3DC72143F49509781513CB9855_AUTODXT_0E9353354726DA79D15806B296C80__4C77EA0AC402F2BEC8995624F0CEA5836DB3E938.udd" 833
"../../../Engine/DerivedDataCache/9/4/5/TEXTURE_814DCC3DC72143F49509781513CB9855_AUTODXT_133BD5DA4D579D1601D69ABEC1C5D__40AD94E387461D853F3A0664EA18DC1EF633D425.udd" 834
"../../../Engine/DerivedDataCache/1/3/8/TEXTURE_814DCC3DC72143F49509781513CB9855_AUTODXT_F3AE0D0B4D9FAC4D717BA1BA9C9F2__18FAAA3B431323F57662C83D6598CE66C86B5052.udd" 835
"../../../Engine/DerivedDataCache/5/7/4/TEXTURE_814DCC3DC72143F49509781513CB9855_AUTODXT_133BD5DA4D579D1601D69ABEC1C5D__069020566649D471C5730C1DB59714AF3C48AABE.udd" 836
"../../../Engine/DerivedDataCache/5/0/3/TEXTURE_814DCC3DC72143F49509781513CB9855_AUTODXT_F3AE0D0B4D9FAC4D717BA1BA9C9F2__91C97DD97473BC47104AEBA2FEE7A70CF3618C81.udd" 837
"../../../Engine/DerivedDataCache/0/9/7/TEXTURE_814DCC3DC72143F49509781513CB9855_AUTODXT_0E9353354726DA79D15806B296C80__B441C1DDEFAF273DCE065BD8D72B52E9C8939A9A.udd" 838
"../../../Engine/DerivedDataCache/1/4/4/TEXTURE_814DCC3DC72143F49509781513CB9855_AUTODXT_133BD5DA4D579D1601D69ABEC1C5D__63947FCA79A964B0608C847CA44C7CE56D07BB48.udd" 839
"../../../Engine/DerivedDataCache/1/7/6/TEXTURE_814DCC3DC72143F49509781513CB9855_AUTODXT_F3AE0D0B4D9FAC4D717BA1BA9C9F2__4377944FD67A7BFFEFF9DF5318E22BEF3E7A4ACF.udd" 840
"../../../Engine/DerivedDataCache/1/4/7/TEXTURE_814DCC3DC72143F49509781513CB9855_AUTODXT_D40101B64050EDA925FA99AB790C1__300E578D173FAB53157F911EBDAF184AB3A74E81.udd" 841
"../../../Engine/DerivedDataCache/5/3/0/TEXTURE_814DCC3DC72143F49509781513CB9855_AUTODXT_F6902D4644019FAB52397A9B149F7__3FAA739E18F6D361D04E54EF6910EB3B22336B67.udd" 842
"../../../Engine/DerivedDataCache/5/5/3/TEXTURE_814DCC3DC72143F49509781513CB9855_AUTODXT_0E9353354726DA79D15806B296C80__A710A063E3D4F716E27F936E075F728E364D8C8F.udd" 843
"../../../Engine/DerivedDataCache/5/0/8/TEXTURE_814DCC3DC72143F49509781513CB9855_AUTODXT_D40101B64050EDA925FA99AB790C1__B754280DCDB2C8E49E94DB54A1A97448DDBC7CCC.udd" 844
"../../../Engine/DerivedDataCache/1/0/9/TEXTURE_814DCC3DC72143F49509781513CB9855_AUTODXT_F6902D4644019FAB52397A9B149F7__6F2219E839BF77FC7BC0271DBB0B8913480574FE.udd" 845
"../../../Engine/DerivedDataCache/1/6/9/TEXTURE_814DCC3DC72143F49509781513CB9855_AUTODXT_0E9353354726DA79D15806B296C80__85EAB1DF0C24A23C6965E789436EB8ED8D0D587A.udd" 846
"../../../Engine/DerivedDataCache/8/1/0/TEXTURE_814DCC3DC72143F49509781513CB9855_AUTODXT_7912697247AEE61DCA3110BED9F02__AF8D2A3158AFD63E6C8D3C2E8335E029DAE4549B.udd" 847
"../../../Engine/DerivedDataCache/0/0/2/TEXTURE_814DCC3DC72143F49509781513CB9855_AUTODXT_D40101B64050EDA925FA99AB790C1__457E151081DCE92DDA1FE51185A2EF4BFEC13EB7.udd" 848
"../../../Engine/DerivedDataCache/4/4/8/TEXTURE_814DCC3DC72143F49509781513CB9855_AUTODXT_F6902D4644019FAB52397A9B149F7__C80B823C220B24D8F22AEEFFF125B04FA8FA2A37.udd" 849
"../../../Engine/DerivedDataCache/1/4/0/TEXTURE_814DCC3DC72143F49509781513CB9855_AUTODXT_7912697247AEE61DCA3110BED9F02__38CC04DEA926233B3ADF4016516B3A8E6AC8864D.udd" 850
"../../../Engine/DerivedDataCache/0/8/1/TEXTURE_814DCC3DC72143F49509781513CB9855_AUTODXT_D40101B64050EDA925FA99AB790C1__9F9F30DF9DAD116369C0AEC3B5E11E4E42A49DA0.udd" 851
"../../../Engine/DerivedDataCache/6/4/6/TEXTURE_814DCC3DC72143F49509781513CB9855_AUTODXT_F6902D4644019FAB52397A9B149F7__A92407726A4B4DE112719F27F7B7C4C6F008266B.udd" 852
"../../../Engine/DerivedDataCache/0/0/1/TEXTURE_814DCC3DC72143F49509781513CB9855_AUTODXT_E5451EDD4B353DD7C15A9095BB7B2__F355FAE0D2C5AD05E921D6805D4C7D1D17A41ED6.udd" 853
"../../../Engine/DerivedDataCache/4/6/6/TEXTURE_814DCC3DC72143F49509781513CB9855_AUTODXT_7912697247AEE61DCA3110BED9F02__2EC358EB51E50C5C86ACE36DD3B3E31AD5784B24.udd" 854
"../../../Engine/DerivedDataCache/5/9/7/TEXTURE_814DCC3DC72143F49509781513CB9855_AUTODXT_7912697247AEE61DCA3110BED9F02__82FA2B43ED44CBDC20199D476FAB366D774532C9.udd" 855
"../../../Engine/DerivedDataCache/2/4/1/TEXTURE_814DCC3DC72143F49509781513CB9855_AUTODXT_7912697247AEE61DCA3110BED9F02__E8572923024D64BF9CB42AD0FDB988FED918F474.udd" 856
"../../../Engine/DerivedDataCache/4/0/6/TEXTURE_814DCC3DC72143F49509781513CB9855_AUTODXT_7912697247AEE61DCA3110BED9F02__F9709C0E5C32B0AC9F9A44B296FC9766CD81DFB1.udd" 857
"../../../Engine/Content/EditorResources/EmptyActor.uasset" 858
"../../../Engine/DerivedDataCache/3/4/7/TEXTURE_814DCC3DC72143F49509781513CB9855_AUTODXT_448D83D64D92F14E184FE88142360__96C307B0AE07838F12FB69110D8819F1DE4DDA98.udd" 859
"../../../Engine/DerivedDataCache/8/9/1/TEXTURE_814DCC3DC72143F49509781513CB9855_AUTODXT_448D83D64D92F14E184FE88142360__8C11E31833198E6582F84D52D5F1ACE70473B75A.udd" 860
"../../../Engine/DerivedDataCache/5/5/4/TEXTURE_814DCC3DC72143F49509781513CB9855_AUTODXT_448D83D64D92F14E184FE88142360__6C42748001665E34E035A67D1A97970665B2A2DF.udd" 861
"../../../Engine/DerivedDataCache/8/8/1/TEXTURE_814DCC3DC72143F49509781513CB9855_AUTODXT_448D83D64D92F14E184FE88142360__77CABBFAE8EC0B2957FAC9B994429DCD32275870.udd" 862
"../../../Engine/DerivedDataCache/8/3/1/TEXTURE_814DCC3DC72143F49509781513CB9855_AUTODXT_448D83D64D92F14E184FE88142360__66D7D14BA454FBF72711D62BA47235B802137FEB.udd" 863
"../../../Engine/DerivedDataCache/2/8/4/TEXTURE_814DCC3DC72143F49509781513CB9855_AUTODXT_448D83D64D92F14E184FE88142360__97F0985DFE2D299F60A1729988F9B14FC86C29DD.udd" 864
"../../../Engine/DerivedDataCache/5/4/7/TEXTURE_814DCC3DC72143F49509781513CB9855_BGRA8_017E72834BC6A481B9D2E7B57B15158__033B40A7CD6EDB2A8C5BEC6C104D9FF39FAE99B1.udd" 865
"../../../Engine/DerivedDataCache/8/4/0/TEXTURE_814DCC3DC72143F49509781513CB9855_BGRA8_017E72834BC6A481B9D2E7B57B15158__659A98AE69E93C35984CE59DFC41B9ADDA0893E2.udd" 866
"../../../Engine/DerivedDataCache/4/4/8/TEXTURE_814DCC3DC72143F49509781513CB9855_BGRA8_017E72834BC6A481B9D2E7B57B15158__7BCB945C6A82D205AE96C8F204E5B72B3255112D.udd" 867
"../../../Engine/DerivedDataCache/4/3/9/TEXTURE_814DCC3DC72143F49509781513CB9855_BGRA8_017E72834BC6A481B9D2E7B57B15158__FDD785012476B36FBFB9EFEFD11F39A3CBC35FE3.udd" 868
"../../../Engine/DerivedDataCache/0/0/6/TEXTURE_814DCC3DC72143F49509781513CB9855_BGRA8_017E72834BC6A481B9D2E7B57B15158__9B510A5E2DE9B6D05B20B875A1ABB01D63B60746.udd" 869
"../../../Engine/DerivedDataCache/4/9/5/TEXTURE_814DCC3DC72143F49509781513CB9855_BGRA8_017E72834BC6A481B9D2E7B57B15158__6D829488C3EF91BC7A1CBE9F2A8EEB47433609D9.udd" 870
"../../../Engine/DerivedDataCache/0/8/5/TEXTURE_814DCC3DC72143F49509781513CB9855_AUTODXT_52640BB9425F976C53CF3FA787E7A__A00DDDDDBF6B391C42CE5DF0F1CB9F5FE88EFD80.udd" 871
"../../../Engine/DerivedDataCache/8/7/4/TEXTURE_814DCC3DC72143F49509781513CB9855_AUTODXT_52640BB9425F976C53CF3FA787E7A__FA0745CFAD35B41F70CEACF87C824D99F6653BC8.udd" 872
"../../../Engine/DerivedDataCache/6/4/5/TEXTURE_814DCC3DC72143F49509781513CB9855_AUTODXT_52640BB9425F976C53CF3FA787E7A__8F9207BE8FFC8694E1E8C08320ADF4FD519E5F36.udd" 873
"../../../Engine/DerivedDataCache/6/4/5/TEXTURE_814DCC3DC72143F49509781513CB9855_AUTODXT_52640BB9425F976C53CF3FA787E7A__7051E7E88CD36D27158642FBAF42CDC035D428A7.udd" 874
"../../../Engine/Content/MobileResources/T_MobileControls_texture.uasset" 875
"../../../Engine/DerivedDataCache/2/3/7/TEXTURE_814DCC3DC72143F49509781513CB9855_BGRA8_9E839E0E4933277AAB67FB869C14F9A__6C60276B70B9624A2973ABC8BB661D66EB844E8D.udd" 876
"../../../Engine/DerivedDataCache/5/7/5/TEXTURE_814DCC3DC72143F49509781513CB9855_BGRA8_9E839E0E4933277AAB67FB869C14F9A__7BC1922C2E345D1ABB0D1BC46468CD9FFCA2B7A5.udd" 877
"../../../Engine/DerivedDataCache/7/9/7/TEXTURE_814DCC3DC72143F49509781513CB9855_BGRA8_9E839E0E4933277AAB67FB869C14F9A__E5BDE673A03B9A061D3CB540CC12BEAC0CAC6739.udd" 878
"../../../Engine/Content/MobileResources/HUD/MobileHUDButtonFire.uasset" 879
"../../../Engine/Content/MobileResources/HUD/MobileHUDButton1_off.uasset" 880
"..\..\..\Engine\Content\Internationalization\icudt53l\windowsZones.res" 881
"..\..\..\Engine\Content\Internationalization\icudt53l\zoneinfo64.res" 882
"..\..\..\Engine\Content\Internationalization\icudt53l\keyTypeData.res" 883
"..\..\..\Engine\Content\Internationalization\icudt53l\timezoneTypes.res" 884
"..\..\..\Engine\Content\Internationalization\icudt53l\supplementalData.res" 885
"..\..\..\Engine\Content\Internationalization\icudt53l\likelySubtags.res" 886
